<?xml version="1.0" encoding="UTF-8"?>
<mes:Structure xmlns:mes="http://www.SDMX.org/resources/SDMXML/schemas/v2_0/message" xmlns:str="http://www.SDMX.org/resources/SDMXML/schemas/v2_0/structure" xmlns:com="http://www.SDMX.org/resources/SDMXML/schemas/v2_0/common">
  <mes:Header>
    <mes:ID>IDREF3877</mes:ID>
    <mes:Test>false</mes:Test>
    <mes:Prepared>2019-08-09T13:04:25.694Z</mes:Prepared>
    <mes:Sender id="Unknown"/>
    <mes:Receiver id="Unknown"/>
  </mes:Header>
  <mes:CodeLists>
    <str:CodeList agencyID="ILO" id="CL_ECO" urn="urn:sdmx:org.sdmx.infomodel.codelist.Codelist=ILO:CL_ECO(1.0)" version="1.0" isFinal="true">
      <str:Name xml:lang="es">Actividad económica</str:Name>
      <str:Name xml:lang="en">Economic activity</str:Name>
      <str:Name xml:lang="fr">Activité économique</str:Name>
      <str:Description xml:lang="es"><![CDATA[<p>Este tipo de clasificaci&oacute;n hace referencia a la actividad principal del establecimiento en el que la persona trabaj&oacute; durante el per&iacute;odo de referencia, o a la del &uacute;ltimo establecimiento en que trabaj&oacute; en el caso de los desocupados. La rama de actividad econ&oacute;mica de una persona no depende de las tareas o funciones espec&iacute;ficas de su empleo, sino de las caracter&iacute;sticas de la unidad econ&oacute;mica en que trabaja. Los temas desagregados por actividad econ&oacute;mica se presentan utilizando la versi&oacute;n m&aacute;s reciente disponible de la Clasificaci&oacute;n Industrial Internacional Uniforme de todas las actividades econ&oacute;micas (CIIU). Puede que los datos hayan sido reclasificados a partir de la clasificaci&oacute;n industrial nacional, que quiz&aacute; no sea estrictamente comparable con la CIIU.</p>]]></str:Description>
      <str:Description xml:lang="en">&lt;p>This type of classification refers to the main activity of the establishment in which a person worked during the reference period, or last worked if unemployed. The branch of economic activity of a person does not depend on the specific duties or functions of the person&amp;rsquo;s job, but on the characteristics of the economic unit in which this person works. Topics disaggregated by economic activity are provided according to the latest version of the International Standard Industrial Classification of All Economic Activities (ISIC) available for that year. Data may have been regrouped from the national industrial classification, which may not be strictly compatible with ISIC.&lt;/p></str:Description>
      <str:Description xml:lang="fr"><![CDATA[<p>Ce type de classification fait r&eacute;f&eacute;rence &agrave; l&#39;activit&eacute; principale de l&#39;&eacute;tablissement dans lequel la personne a travaill&eacute; pendant la p&eacute;riode de r&eacute;f&eacute;rence, ou a travaill&eacute; en dernier si la personne est au ch&ocirc;mage. La branche d&#39;activit&eacute; &eacute;conomique d&#39;une personne ne d&eacute;pend pas des t&acirc;ches ou des fonctions sp&eacute;cifiques du travail de la personne, mais des caract&eacute;ristiques de l&#39;entit&eacute; &eacute;conomique dans laquelle cette personne travaille. Les donn&eacute;es ventil&eacute;es par activit&eacute; &eacute;conomique sont pr&eacute;sent&eacute;es conform&eacute;ment &agrave; la version plus r&eacute;cente de la Classification internationale type des industries (CITI) disponible. Les donn&eacute;es peuvent avoir &eacute;t&eacute; reclass&eacute;es &agrave; partir de classifications industrielles nationales, qui peuvent ne pas &ecirc;tre strictement comparables &agrave; la CITI.</p>]]></str:Description>
      <str:Code urn="urn:sdmx:org.sdmx.infomodel.codelist.Code=ILO:CL_ECO(1.0).ECO_ISIC4_R" value="ECO_ISIC4_R">
        <str:Description xml:lang="en">R. Arts, entertainment and recreation</str:Description>
        <str:Description xml:lang="es">R. Actividades artísticas, de entretenimiento y recreativas</str:Description>
        <str:Description xml:lang="fr">R. Arts, spectacles et loisirs</str:Description>
        <str:Annotations>
          <com:Annotation>
            <com:AnnotationTitle>Sort</com:AnnotationTitle>
            <com:AnnotationText xml:lang="en">12860</com:AnnotationText>
          </com:Annotation>
          <com:Annotation>
            <com:AnnotationTitle>Default</com:AnnotationTitle>
            <com:AnnotationText xml:lang="en">Y</com:AnnotationText>
          </com:Annotation>
          <com:Annotation>
            <com:AnnotationTitle>Level</com:AnnotationTitle>
            <com:AnnotationText xml:lang="en">1</com:AnnotationText>
          </com:Annotation>
        </str:Annotations>
      </str:Code>
      <str:Code urn="urn:sdmx:org.sdmx.infomodel.codelist.Code=ILO:CL_ECO(1.0).ECO_ISIC4_E_36" value="ECO_ISIC4_E_36">
        <str:Description xml:lang="en">36 - Water collection, treatment and supply</str:Description>
        <str:Description xml:lang="es">36 - Captación, tratamiento y distribución de agua</str:Description>
        <str:Description xml:lang="fr">36 - Collecte et traitement des eaux, distribution d'eau</str:Description>
        <str:Annotations>
          <com:Annotation>
            <com:AnnotationTitle>Sort</com:AnnotationTitle>
            <com:AnnotationText xml:lang="en">12620</com:AnnotationText>
          </com:Annotation>
          <com:Annotation>
            <com:AnnotationTitle>Default</com:AnnotationTitle>
            <com:AnnotationText xml:lang="en">Y</com:AnnotationText>
          </com:Annotation>
          <com:Annotation>
            <com:AnnotationTitle>Level</com:AnnotationTitle>
            <com:AnnotationText xml:lang="en">2</com:AnnotationText>
          </com:Annotation>
        </str:Annotations>
      </str:Code>
      <str:Code urn="urn:sdmx:org.sdmx.infomodel.codelist.Code=ILO:CL_ECO(1.0).ECO_ISIC4_S" value="ECO_ISIC4_S">
        <str:Description xml:lang="en">S. Other service activities</str:Description>
        <str:Description xml:lang="es">S. Otras actividades de servicios</str:Description>
        <str:Description xml:lang="fr">S. Autres activités de services</str:Description>
        <str:Annotations>
          <com:Annotation>
            <com:AnnotationTitle>Sort</com:AnnotationTitle>
            <com:AnnotationText xml:lang="en">12870</com:AnnotationText>
          </com:Annotation>
          <com:Annotation>
            <com:AnnotationTitle>Default</com:AnnotationTitle>
            <com:AnnotationText xml:lang="en">Y</com:AnnotationText>
          </com:Annotation>
          <com:Annotation>
            <com:AnnotationTitle>Level</com:AnnotationTitle>
            <com:AnnotationText xml:lang="en">1</com:AnnotationText>
          </com:Annotation>
        </str:Annotations>
      </str:Code>
      <str:Code urn="urn:sdmx:org.sdmx.infomodel.codelist.Code=ILO:CL_ECO(1.0).ECO_ISIC4_P" value="ECO_ISIC4_P">
        <str:Description xml:lang="en">P. Education</str:Description>
        <str:Description xml:lang="es">P. Enseñanza</str:Description>
        <str:Description xml:lang="fr">P. Éducation</str:Description>
        <str:Annotations>
          <com:Annotation>
            <com:AnnotationTitle>Sort</com:AnnotationTitle>
            <com:AnnotationText xml:lang="en">12830</com:AnnotationText>
          </com:Annotation>
          <com:Annotation>
            <com:AnnotationTitle>Default</com:AnnotationTitle>
            <com:AnnotationText xml:lang="en">Y</com:AnnotationText>
          </com:Annotation>
          <com:Annotation>
            <com:AnnotationTitle>Level</com:AnnotationTitle>
            <com:AnnotationText xml:lang="en">1</com:AnnotationText>
          </com:Annotation>
        </str:Annotations>
      </str:Code>
      <str:Code urn="urn:sdmx:org.sdmx.infomodel.codelist.Code=ILO:CL_ECO(1.0).ECO_ISIC4_Q" value="ECO_ISIC4_Q">
        <str:Description xml:lang="en">Q. Human health and social work activities</str:Description>
        <str:Description xml:lang="es">Q. Actividades de atención de la salud humana y de asistencia social</str:Description>
        <str:Description xml:lang="fr">Q. Santé et et activités d'action sociale</str:Description>
        <str:Annotations>
          <com:Annotation>
            <com:AnnotationTitle>Sort</com:AnnotationTitle>
            <com:AnnotationText xml:lang="en">12840</com:AnnotationText>
          </com:Annotation>
          <com:Annotation>
            <com:AnnotationTitle>Default</com:AnnotationTitle>
            <com:AnnotationText xml:lang="en">Y</com:AnnotationText>
          </com:Annotation>
          <com:Annotation>
            <com:AnnotationTitle>Level</com:AnnotationTitle>
            <com:AnnotationText xml:lang="en">1</com:AnnotationText>
          </com:Annotation>
        </str:Annotations>
      </str:Code>
      <str:Code urn="urn:sdmx:org.sdmx.infomodel.codelist.Code=ILO:CL_ECO(1.0).ECO_ISIC4_T" value="ECO_ISIC4_T">
        <str:Description xml:lang="en">T. Activities of households as employers; undifferentiated goods- and services-producing activities of households for own use</str:Description>
        <str:Description xml:lang="es">T. Actividades de los hogares como empleadores; actividades no diferenciadas de los hogares como productores de bienes y servicios para uso propio</str:Description>
        <str:Description xml:lang="fr">T. Activités des ménages privés employant du personnel domestique; activités non différenciées de production de biens et de services des ménages privés pour usage propre</str:Description>
        <str:Annotations>
          <com:Annotation>
            <com:AnnotationTitle>Sort</com:AnnotationTitle>
            <com:AnnotationText xml:lang="en">12880</com:AnnotationText>
          </com:Annotation>
          <com:Annotation>
            <com:AnnotationTitle>Default</com:AnnotationTitle>
            <com:AnnotationText xml:lang="en">Y</com:AnnotationText>
          </com:Annotation>
          <com:Annotation>
            <com:AnnotationTitle>Level</com:AnnotationTitle>
            <com:AnnotationText xml:lang="en">1</com:AnnotationText>
          </com:Annotation>
        </str:Annotations>
      </str:Code>
      <str:Code urn="urn:sdmx:org.sdmx.infomodel.codelist.Code=ILO:CL_ECO(1.0).ECO_ISIC4_C_21" value="ECO_ISIC4_C_21">
        <str:Description xml:lang="en">21 - Manufacture of basic pharmaceutical products and pharmaceutical preparations.</str:Description>
        <str:Description xml:lang="es">21 - Fabricación de productos farmacéuticos, sustancias químicas medicinales y productos botánicos de uso farmacéutico</str:Description>
        <str:Description xml:lang="fr">21 - Fabrication de préparations pharmaceutiques, de produits chimiques à usage médicinal et de produits d'herboristerie</str:Description>
        <str:Annotations>
          <com:Annotation>
            <com:AnnotationTitle>Sort</com:AnnotationTitle>
            <com:AnnotationText xml:lang="en">12580</com:AnnotationText>
          </com:Annotation>
          <com:Annotation>
            <com:AnnotationTitle>Default</com:AnnotationTitle>
            <com:AnnotationText xml:lang="en">Y</com:AnnotationText>
          </com:Annotation>
          <com:Annotation>
            <com:AnnotationTitle>Level</com:AnnotationTitle>
            <com:AnnotationText xml:lang="en">2</com:AnnotationText>
          </com:Annotation>
        </str:Annotations>
      </str:Code>
      <str:Code urn="urn:sdmx:org.sdmx.infomodel.codelist.Code=ILO:CL_ECO(1.0).ECO_ISIC4_U" value="ECO_ISIC4_U">
        <str:Description xml:lang="en">U. Activities of extraterritorial organizations and bodies</str:Description>
        <str:Description xml:lang="es">U. Actividades de organizaciones y órganos extraterritoriales</str:Description>
        <str:Description xml:lang="fr">U. Activités des organisations et organismes extra-territoriaux</str:Description>
        <str:Annotations>
          <com:Annotation>
            <com:AnnotationTitle>Sort</com:AnnotationTitle>
            <com:AnnotationText xml:lang="en">12890</com:AnnotationText>
          </com:Annotation>
          <com:Annotation>
            <com:AnnotationTitle>Default</com:AnnotationTitle>
            <com:AnnotationText xml:lang="en">Y</com:AnnotationText>
          </com:Annotation>
          <com:Annotation>
            <com:AnnotationTitle>Level</com:AnnotationTitle>
            <com:AnnotationText xml:lang="en">1</com:AnnotationText>
          </com:Annotation>
        </str:Annotations>
      </str:Code>
      <str:Code urn="urn:sdmx:org.sdmx.infomodel.codelist.Code=ILO:CL_ECO(1.0).ECO_ISIC4_J" value="ECO_ISIC4_J">
        <str:Description xml:lang="en">J. Information and communication</str:Description>
        <str:Description xml:lang="es">J. Información y comunicaciones</str:Description>
        <str:Description xml:lang="fr">J. Information et communication</str:Description>
        <str:Annotations>
          <com:Annotation>
            <com:AnnotationTitle>Sort</com:AnnotationTitle>
            <com:AnnotationText xml:lang="en">12730</com:AnnotationText>
          </com:Annotation>
          <com:Annotation>
            <com:AnnotationTitle>Default</com:AnnotationTitle>
            <com:AnnotationText xml:lang="en">Y</com:AnnotationText>
          </com:Annotation>
          <com:Annotation>
            <com:AnnotationTitle>Level</com:AnnotationTitle>
            <com:AnnotationText xml:lang="en">1</com:AnnotationText>
          </com:Annotation>
        </str:Annotations>
      </str:Code>
      <str:Code urn="urn:sdmx:org.sdmx.infomodel.codelist.Code=ILO:CL_ECO(1.0).ECO_ISIC4_K" value="ECO_ISIC4_K">
        <str:Description xml:lang="en">K. Financial and insurance activities</str:Description>
        <str:Description xml:lang="es">K. Actividades financieras y de seguros</str:Description>
        <str:Description xml:lang="fr">K. Activités financières et d'assurances</str:Description>
        <str:Annotations>
          <com:Annotation>
            <com:AnnotationTitle>Sort</com:AnnotationTitle>
            <com:AnnotationText xml:lang="en">12750</com:AnnotationText>
          </com:Annotation>
          <com:Annotation>
            <com:AnnotationTitle>Default</com:AnnotationTitle>
            <com:AnnotationText xml:lang="en">Y</com:AnnotationText>
          </com:Annotation>
          <com:Annotation>
            <com:AnnotationTitle>Level</com:AnnotationTitle>
            <com:AnnotationText xml:lang="en">1</com:AnnotationText>
          </com:Annotation>
        </str:Annotations>
      </str:Code>
      <str:Code urn="urn:sdmx:org.sdmx.infomodel.codelist.Code=ILO:CL_ECO(1.0).ECO_ISIC4_H" value="ECO_ISIC4_H">
        <str:Description xml:lang="en">H. Transportation and storage</str:Description>
        <str:Description xml:lang="es">H. Transporte y almacenamiento</str:Description>
        <str:Description xml:lang="fr">H. Transport et entreposage</str:Description>
        <str:Annotations>
          <com:Annotation>
            <com:AnnotationTitle>Sort</com:AnnotationTitle>
            <com:AnnotationText xml:lang="en">12680</com:AnnotationText>
          </com:Annotation>
          <com:Annotation>
            <com:AnnotationTitle>Default</com:AnnotationTitle>
            <com:AnnotationText xml:lang="en">Y</com:AnnotationText>
          </com:Annotation>
          <com:Annotation>
            <com:AnnotationTitle>Level</com:AnnotationTitle>
            <com:AnnotationText xml:lang="en">1</com:AnnotationText>
          </com:Annotation>
        </str:Annotations>
      </str:Code>
      <str:Code urn="urn:sdmx:org.sdmx.infomodel.codelist.Code=ILO:CL_ECO(1.0).ECO_ISIC4_I" value="ECO_ISIC4_I">
        <str:Description xml:lang="en">I. Accommodation and food service activities</str:Description>
        <str:Description xml:lang="es">I. Actividades de alojamiento y de servicio de comidas</str:Description>
        <str:Description xml:lang="fr">I. Activités d'hébergement et de restauration</str:Description>
        <str:Annotations>
          <com:Annotation>
            <com:AnnotationTitle>Sort</com:AnnotationTitle>
            <com:AnnotationText xml:lang="en">12700</com:AnnotationText>
          </com:Annotation>
          <com:Annotation>
            <com:AnnotationTitle>Default</com:AnnotationTitle>
            <com:AnnotationText xml:lang="en">Y</com:AnnotationText>
          </com:Annotation>
          <com:Annotation>
            <com:AnnotationTitle>Level</com:AnnotationTitle>
            <com:AnnotationText xml:lang="en">1</com:AnnotationText>
          </com:Annotation>
        </str:Annotations>
      </str:Code>
      <str:Code urn="urn:sdmx:org.sdmx.infomodel.codelist.Code=ILO:CL_ECO(1.0).ECO_ISIC4_N" value="ECO_ISIC4_N">
        <str:Description xml:lang="en">N. Administrative and support service activities</str:Description>
        <str:Description xml:lang="es">N. Actividades de servicios administrativos y de apoyo</str:Description>
        <str:Description xml:lang="fr">N. Activités de services administratifs et d'appui</str:Description>
        <str:Annotations>
          <com:Annotation>
            <com:AnnotationTitle>Sort</com:AnnotationTitle>
            <com:AnnotationText xml:lang="en">12800</com:AnnotationText>
          </com:Annotation>
          <com:Annotation>
            <com:AnnotationTitle>Default</com:AnnotationTitle>
            <com:AnnotationText xml:lang="en">Y</com:AnnotationText>
          </com:Annotation>
          <com:Annotation>
            <com:AnnotationTitle>Level</com:AnnotationTitle>
            <com:AnnotationText xml:lang="en">1</com:AnnotationText>
          </com:Annotation>
        </str:Annotations>
      </str:Code>
      <str:Code urn="urn:sdmx:org.sdmx.infomodel.codelist.Code=ILO:CL_ECO(1.0).ECO_ISIC4_O" value="ECO_ISIC4_O">
        <str:Description xml:lang="en">O. Public administration and defence; compulsory social security</str:Description>
        <str:Description xml:lang="es">O. Administración pública y defensa; planes de seguridad social de afiliación obligatoria</str:Description>
        <str:Description xml:lang="fr">O. Administration publique et défense; sécurité sociale obligatoire</str:Description>
        <str:Annotations>
          <com:Annotation>
            <com:AnnotationTitle>Sort</com:AnnotationTitle>
            <com:AnnotationText xml:lang="en">12820</com:AnnotationText>
          </com:Annotation>
          <com:Annotation>
            <com:AnnotationTitle>Default</com:AnnotationTitle>
            <com:AnnotationText xml:lang="en">Y</com:AnnotationText>
          </com:Annotation>
          <com:Annotation>
            <com:AnnotationTitle>Level</com:AnnotationTitle>
            <com:AnnotationText xml:lang="en">1</com:AnnotationText>
          </com:Annotation>
        </str:Annotations>
      </str:Code>
      <str:Code urn="urn:sdmx:org.sdmx.infomodel.codelist.Code=ILO:CL_ECO(1.0).ECO_ISIC4_J_61" value="ECO_ISIC4_J_61">
        <str:Description xml:lang="en">61 - Telecommunications</str:Description>
        <str:Description xml:lang="es">61 - Telecomunicaciones</str:Description>
        <str:Description xml:lang="fr">61 - Télécommunications</str:Description>
        <str:Annotations>
          <com:Annotation>
            <com:AnnotationTitle>Sort</com:AnnotationTitle>
            <com:AnnotationText xml:lang="en">12740</com:AnnotationText>
          </com:Annotation>
          <com:Annotation>
            <com:AnnotationTitle>Default</com:AnnotationTitle>
            <com:AnnotationText xml:lang="en">Y</com:AnnotationText>
          </com:Annotation>
          <com:Annotation>
            <com:AnnotationTitle>Level</com:AnnotationTitle>
            <com:AnnotationText xml:lang="en">2</com:AnnotationText>
          </com:Annotation>
        </str:Annotations>
      </str:Code>
      <str:Code urn="urn:sdmx:org.sdmx.infomodel.codelist.Code=ILO:CL_ECO(1.0).ECO_ISIC4_L" value="ECO_ISIC4_L">
        <str:Description xml:lang="en">L. Real estate activities</str:Description>
        <str:Description xml:lang="es">L. Actividades inmobiliarias</str:Description>
        <str:Description xml:lang="fr">L. Activités immobilières</str:Description>
        <str:Annotations>
          <com:Annotation>
            <com:AnnotationTitle>Sort</com:AnnotationTitle>
            <com:AnnotationText xml:lang="en">12780</com:AnnotationText>
          </com:Annotation>
          <com:Annotation>
            <com:AnnotationTitle>Default</com:AnnotationTitle>
            <com:AnnotationText xml:lang="en">Y</com:AnnotationText>
          </com:Annotation>
          <com:Annotation>
            <com:AnnotationTitle>Level</com:AnnotationTitle>
            <com:AnnotationText xml:lang="en">1</com:AnnotationText>
          </com:Annotation>
        </str:Annotations>
      </str:Code>
      <str:Code urn="urn:sdmx:org.sdmx.infomodel.codelist.Code=ILO:CL_ECO(1.0).ECO_ISIC4_M" value="ECO_ISIC4_M">
        <str:Description xml:lang="en">M. Professional, scientific and technical activities</str:Description>
        <str:Description xml:lang="es">M. Actividades profesionales, científicas y técnicas</str:Description>
        <str:Description xml:lang="fr">M. Activités professionnelles, scientifiques et techniques</str:Description>
        <str:Annotations>
          <com:Annotation>
            <com:AnnotationTitle>Sort</com:AnnotationTitle>
            <com:AnnotationText xml:lang="en">12790</com:AnnotationText>
          </com:Annotation>
          <com:Annotation>
            <com:AnnotationTitle>Default</com:AnnotationTitle>
            <com:AnnotationText xml:lang="en">Y</com:AnnotationText>
          </com:Annotation>
          <com:Annotation>
            <com:AnnotationTitle>Level</com:AnnotationTitle>
            <com:AnnotationText xml:lang="en">1</com:AnnotationText>
          </com:Annotation>
        </str:Annotations>
      </str:Code>
      <str:Code urn="urn:sdmx:org.sdmx.infomodel.codelist.Code=ILO:CL_ECO(1.0).ECO_ISIC4_C" value="ECO_ISIC4_C">
        <str:Description xml:lang="en">C. Manufacturing</str:Description>
        <str:Description xml:lang="es">C. Industrias manufactureras</str:Description>
        <str:Description xml:lang="fr">C. Activités de fabrication</str:Description>
        <str:Annotations>
          <com:Annotation>
            <com:AnnotationTitle>Sort</com:AnnotationTitle>
            <com:AnnotationText xml:lang="en">12530</com:AnnotationText>
          </com:Annotation>
          <com:Annotation>
            <com:AnnotationTitle>Default</com:AnnotationTitle>
            <com:AnnotationText xml:lang="en">Y</com:AnnotationText>
          </com:Annotation>
          <com:Annotation>
            <com:AnnotationTitle>Level</com:AnnotationTitle>
            <com:AnnotationText xml:lang="en">1</com:AnnotationText>
          </com:Annotation>
        </str:Annotations>
      </str:Code>
      <str:Code urn="urn:sdmx:org.sdmx.infomodel.codelist.Code=ILO:CL_ECO(1.0).ECO_ISIC4_B" value="ECO_ISIC4_B">
        <str:Description xml:lang="en">B. Mining and quarrying</str:Description>
        <str:Description xml:lang="es">B. Explotación de minas y canteras</str:Description>
        <str:Description xml:lang="fr">B. Activités extractives</str:Description>
        <str:Annotations>
          <com:Annotation>
            <com:AnnotationTitle>Sort</com:AnnotationTitle>
            <com:AnnotationText xml:lang="en">12510</com:AnnotationText>
          </com:Annotation>
          <com:Annotation>
            <com:AnnotationTitle>Default</com:AnnotationTitle>
            <com:AnnotationText xml:lang="en">Y</com:AnnotationText>
          </com:Annotation>
          <com:Annotation>
            <com:AnnotationTitle>Level</com:AnnotationTitle>
            <com:AnnotationText xml:lang="en">1</com:AnnotationText>
          </com:Annotation>
        </str:Annotations>
      </str:Code>
      <str:Code urn="urn:sdmx:org.sdmx.infomodel.codelist.Code=ILO:CL_ECO(1.0).ECO_ISIC4_Q_86" value="ECO_ISIC4_Q_86">
        <str:Description xml:lang="en">86 - Human health activities</str:Description>
        <str:Description xml:lang="es">86 - Actividades de atención de la salud humana</str:Description>
        <str:Description xml:lang="fr">86 - Activités relatives à la santé</str:Description>
        <str:Annotations>
          <com:Annotation>
            <com:AnnotationTitle>Sort</com:AnnotationTitle>
            <com:AnnotationText xml:lang="en">12850</com:AnnotationText>
          </com:Annotation>
          <com:Annotation>
            <com:AnnotationTitle>Default</com:AnnotationTitle>
            <com:AnnotationText xml:lang="en">Y</com:AnnotationText>
          </com:Annotation>
          <com:Annotation>
            <com:AnnotationTitle>Level</com:AnnotationTitle>
            <com:AnnotationText xml:lang="en">2</com:AnnotationText>
          </com:Annotation>
        </str:Annotations>
      </str:Code>
      <str:Code urn="urn:sdmx:org.sdmx.infomodel.codelist.Code=ILO:CL_ECO(1.0).ECO_ISIC4_G_46" value="ECO_ISIC4_G_46">
        <str:Description xml:lang="en">46 - Wholesale trade, except of motor vehicles and motorcycles.</str:Description>
        <str:Description xml:lang="es">46 - Comercio al por mayor, excepto el de vehículos automotores y motocicletas</str:Description>
        <str:Description xml:lang="fr">46 - Commerce de gros à l'exception des véhicules automobiles et des motocycles</str:Description>
        <str:Annotations>
          <com:Annotation>
            <com:AnnotationTitle>Sort</com:AnnotationTitle>
            <com:AnnotationText xml:lang="en">12660</com:AnnotationText>
          </com:Annotation>
          <com:Annotation>
            <com:AnnotationTitle>Default</com:AnnotationTitle>
            <com:AnnotationText xml:lang="en">Y</com:AnnotationText>
          </com:Annotation>
          <com:Annotation>
            <com:AnnotationTitle>Level</com:AnnotationTitle>
            <com:AnnotationText xml:lang="en">2</com:AnnotationText>
          </com:Annotation>
        </str:Annotations>
      </str:Code>
      <str:Code urn="urn:sdmx:org.sdmx.infomodel.codelist.Code=ILO:CL_ECO(1.0).ECO_ISIC4_A" value="ECO_ISIC4_A">
        <str:Description xml:lang="en">A. Agriculture; forestry and fishing</str:Description>
        <str:Description xml:lang="es">A. Agricultura; ganadería; silvicultura y pesca</str:Description>
        <str:Description xml:lang="fr">A. Agriculture; sylviculture et pêche</str:Description>
        <str:Annotations>
          <com:Annotation>
            <com:AnnotationTitle>Sort</com:AnnotationTitle>
            <com:AnnotationText xml:lang="en">12480</com:AnnotationText>
          </com:Annotation>
          <com:Annotation>
            <com:AnnotationTitle>Default</com:AnnotationTitle>
            <com:AnnotationText xml:lang="en">Y</com:AnnotationText>
          </com:Annotation>
          <com:Annotation>
            <com:AnnotationTitle>Level</com:AnnotationTitle>
            <com:AnnotationText xml:lang="en">1</com:AnnotationText>
          </com:Annotation>
        </str:Annotations>
      </str:Code>
      <str:Code urn="urn:sdmx:org.sdmx.infomodel.codelist.Code=ILO:CL_ECO(1.0).ECO_ISIC4_G_47" value="ECO_ISIC4_G_47">
        <str:Description xml:lang="en">47 - Retail trade, except of motor vehicles and motorcycles</str:Description>
        <str:Description xml:lang="es">47 - Comercio al por menor, excepto el de vehículos automotores y motocicletas</str:Description>
        <str:Description xml:lang="fr">47 - Commerce de détail à l'exception des véhicules automobiles et des motocycles</str:Description>
        <str:Annotations>
          <com:Annotation>
            <com:AnnotationTitle>Sort</com:AnnotationTitle>
            <com:AnnotationText xml:lang="en">12670</com:AnnotationText>
          </com:Annotation>
          <com:Annotation>
            <com:AnnotationTitle>Default</com:AnnotationTitle>
            <com:AnnotationText xml:lang="en">Y</com:AnnotationText>
          </com:Annotation>
          <com:Annotation>
            <com:AnnotationTitle>Level</com:AnnotationTitle>
            <com:AnnotationText xml:lang="en">2</com:AnnotationText>
          </com:Annotation>
        </str:Annotations>
      </str:Code>
      <str:Code urn="urn:sdmx:org.sdmx.infomodel.codelist.Code=ILO:CL_ECO(1.0).ECO_ISIC4_G" value="ECO_ISIC4_G">
        <str:Description xml:lang="en">G. Wholesale and retail trade; repair of motor vehicles and motorcycles</str:Description>
        <str:Description xml:lang="es">G. Comercio al por mayor y al por menor; reparación de vehículos automotores y motocicletas</str:Description>
        <str:Description xml:lang="fr">G. Commerce de gros et de détail, réparations de véhicules automobiles et de motocycles</str:Description>
        <str:Annotations>
          <com:Annotation>
            <com:AnnotationTitle>Sort</com:AnnotationTitle>
            <com:AnnotationText xml:lang="en">12650</com:AnnotationText>
          </com:Annotation>
          <com:Annotation>
            <com:AnnotationTitle>Default</com:AnnotationTitle>
            <com:AnnotationText xml:lang="en">Y</com:AnnotationText>
          </com:Annotation>
          <com:Annotation>
            <com:AnnotationTitle>Level</com:AnnotationTitle>
            <com:AnnotationText xml:lang="en">1</com:AnnotationText>
          </com:Annotation>
        </str:Annotations>
      </str:Code>
      <str:Code urn="urn:sdmx:org.sdmx.infomodel.codelist.Code=ILO:CL_ECO(1.0).ECO_ISIC4_H_49" value="ECO_ISIC4_H_49">
        <str:Description xml:lang="en">49 - Land transport and transport via pipelines</str:Description>
        <str:Description xml:lang="es">49 - Transporte por vía terrestre y transporte por tuberías</str:Description>
        <str:Description xml:lang="fr">49 - Transports terrestres, transport par conduites</str:Description>
        <str:Annotations>
          <com:Annotation>
            <com:AnnotationTitle>Sort</com:AnnotationTitle>
            <com:AnnotationText xml:lang="en">12690</com:AnnotationText>
          </com:Annotation>
          <com:Annotation>
            <com:AnnotationTitle>Default</com:AnnotationTitle>
            <com:AnnotationText xml:lang="en">Y</com:AnnotationText>
          </com:Annotation>
          <com:Annotation>
            <com:AnnotationTitle>Level</com:AnnotationTitle>
            <com:AnnotationText xml:lang="en">2</com:AnnotationText>
          </com:Annotation>
        </str:Annotations>
      </str:Code>
      <str:Code urn="urn:sdmx:org.sdmx.infomodel.codelist.Code=ILO:CL_ECO(1.0).ECO_ISIC4_F" value="ECO_ISIC4_F">
        <str:Description xml:lang="en">F. Construction</str:Description>
        <str:Description xml:lang="es">F. Construcción</str:Description>
        <str:Description xml:lang="fr">F. Construction</str:Description>
        <str:Annotations>
          <com:Annotation>
            <com:AnnotationTitle>Sort</com:AnnotationTitle>
            <com:AnnotationText xml:lang="en">12630</com:AnnotationText>
          </com:Annotation>
          <com:Annotation>
            <com:AnnotationTitle>Default</com:AnnotationTitle>
            <com:AnnotationText xml:lang="en">Y</com:AnnotationText>
          </com:Annotation>
          <com:Annotation>
            <com:AnnotationTitle>Level</com:AnnotationTitle>
            <com:AnnotationText xml:lang="en">1</com:AnnotationText>
          </com:Annotation>
        </str:Annotations>
      </str:Code>
      <str:Code urn="urn:sdmx:org.sdmx.infomodel.codelist.Code=ILO:CL_ECO(1.0).ECO_ISIC4_E" value="ECO_ISIC4_E">
        <str:Description xml:lang="en">E. Water supply; sewerage, waste management and remediation activities</str:Description>
        <str:Description xml:lang="es">E. Suministro de agua; evacuación de aguas residuales, gestión de desechos y descontaminación</str:Description>
        <str:Description xml:lang="fr">E. Distribution d'eau; réseau d'assainissement; gestion des déchets et activités de remise en état</str:Description>
        <str:Annotations>
          <com:Annotation>
            <com:AnnotationTitle>Sort</com:AnnotationTitle>
            <com:AnnotationText xml:lang="en">12610</com:AnnotationText>
          </com:Annotation>
          <com:Annotation>
            <com:AnnotationTitle>Default</com:AnnotationTitle>
            <com:AnnotationText xml:lang="en">Y</com:AnnotationText>
          </com:Annotation>
          <com:Annotation>
            <com:AnnotationTitle>Level</com:AnnotationTitle>
            <com:AnnotationText xml:lang="en">1</com:AnnotationText>
          </com:Annotation>
        </str:Annotations>
      </str:Code>
      <str:Code urn="urn:sdmx:org.sdmx.infomodel.codelist.Code=ILO:CL_ECO(1.0).ECO_ISIC4_D" value="ECO_ISIC4_D">
        <str:Description xml:lang="en">D. Electricity; gas, steam and air conditioning supply</str:Description>
        <str:Description xml:lang="es">D. Suministro de electricidad, gas; vapor y aire acondicionado</str:Description>
        <str:Description xml:lang="fr">D. Production et distribution d'électricité; de gaz, de vapeur et climatisation</str:Description>
        <str:Annotations>
          <com:Annotation>
            <com:AnnotationTitle>Sort</com:AnnotationTitle>
            <com:AnnotationText xml:lang="en">12600</com:AnnotationText>
          </com:Annotation>
          <com:Annotation>
            <com:AnnotationTitle>Default</com:AnnotationTitle>
            <com:AnnotationText xml:lang="en">Y</com:AnnotationText>
          </com:Annotation>
          <com:Annotation>
            <com:AnnotationTitle>Level</com:AnnotationTitle>
            <com:AnnotationText xml:lang="en">1</com:AnnotationText>
          </com:Annotation>
        </str:Annotations>
      </str:Code>
      <str:Code urn="urn:sdmx:org.sdmx.infomodel.codelist.Code=ILO:CL_ECO(1.0).ECO_ISIC4_C_14" value="ECO_ISIC4_C_14">
        <str:Description xml:lang="en">14 - Manufacture of wearing apparel</str:Description>
        <str:Description xml:lang="es">14 - Fabricación de prendas de vestir</str:Description>
        <str:Description xml:lang="fr">14 - Fabrication d'articles d'habillement</str:Description>
        <str:Annotations>
          <com:Annotation>
            <com:AnnotationTitle>Sort</com:AnnotationTitle>
            <com:AnnotationText xml:lang="en">12570</com:AnnotationText>
          </com:Annotation>
          <com:Annotation>
            <com:AnnotationTitle>Default</com:AnnotationTitle>
            <com:AnnotationText xml:lang="en">Y</com:AnnotationText>
          </com:Annotation>
          <com:Annotation>
            <com:AnnotationTitle>Level</com:AnnotationTitle>
            <com:AnnotationText xml:lang="en">2</com:AnnotationText>
          </com:Annotation>
        </str:Annotations>
      </str:Code>
      <str:Code urn="urn:sdmx:org.sdmx.infomodel.codelist.Code=ILO:CL_ECO(1.0).ECO_ISIC4_C_13" value="ECO_ISIC4_C_13">
        <str:Description xml:lang="en">13 - Manufacture of textiles</str:Description>
        <str:Description xml:lang="es">13 - Fabricación de productos textiles</str:Description>
        <str:Description xml:lang="fr">13 - Fabrication de textiles</str:Description>
        <str:Annotations>
          <com:Annotation>
            <com:AnnotationTitle>Sort</com:AnnotationTitle>
            <com:AnnotationText xml:lang="en">12560</com:AnnotationText>
          </com:Annotation>
          <com:Annotation>
            <com:AnnotationTitle>Default</com:AnnotationTitle>
            <com:AnnotationText xml:lang="en">Y</com:AnnotationText>
          </com:Annotation>
          <com:Annotation>
            <com:AnnotationTitle>Level</com:AnnotationTitle>
            <com:AnnotationText xml:lang="en">2</com:AnnotationText>
          </com:Annotation>
        </str:Annotations>
      </str:Code>
      <str:Code urn="urn:sdmx:org.sdmx.infomodel.codelist.Code=ILO:CL_ECO(1.0).ECO_ISIC4_I_55" value="ECO_ISIC4_I_55">
        <str:Description xml:lang="en">55 - Accommodation</str:Description>
        <str:Description xml:lang="es">55 - Actividades de alojamiento</str:Description>
        <str:Description xml:lang="fr">55 - Hébergement</str:Description>
        <str:Annotations>
          <com:Annotation>
            <com:AnnotationTitle>Sort</com:AnnotationTitle>
            <com:AnnotationText xml:lang="en">12710</com:AnnotationText>
          </com:Annotation>
          <com:Annotation>
            <com:AnnotationTitle>Default</com:AnnotationTitle>
            <com:AnnotationText xml:lang="en">Y</com:AnnotationText>
          </com:Annotation>
          <com:Annotation>
            <com:AnnotationTitle>Level</com:AnnotationTitle>
            <com:AnnotationText xml:lang="en">2</com:AnnotationText>
          </com:Annotation>
        </str:Annotations>
      </str:Code>
      <str:Code urn="urn:sdmx:org.sdmx.infomodel.codelist.Code=ILO:CL_ECO(1.0).ECO_ISIC4_I_56" value="ECO_ISIC4_I_56">
        <str:Description xml:lang="en">56 - Food and beverage service activities</str:Description>
        <str:Description xml:lang="es">56 - Actividades de servicio de comidas y bebidas</str:Description>
        <str:Description xml:lang="fr">56 - Activités de services de restauration et de consommation de boissons</str:Description>
        <str:Annotations>
          <com:Annotation>
            <com:AnnotationTitle>Sort</com:AnnotationTitle>
            <com:AnnotationText xml:lang="en">12720</com:AnnotationText>
          </com:Annotation>
          <com:Annotation>
            <com:AnnotationTitle>Default</com:AnnotationTitle>
            <com:AnnotationText xml:lang="en">Y</com:AnnotationText>
          </com:Annotation>
          <com:Annotation>
            <com:AnnotationTitle>Level</com:AnnotationTitle>
            <com:AnnotationText xml:lang="en">2</com:AnnotationText>
          </com:Annotation>
        </str:Annotations>
      </str:Code>
      <str:Code urn="urn:sdmx:org.sdmx.infomodel.codelist.Code=ILO:CL_ECO(1.0).ECO_ISIC4_C_10" value="ECO_ISIC4_C_10">
        <str:Description xml:lang="en">10 - Manufacture of food products</str:Description>
        <str:Description xml:lang="es">10 - Elaboración de productos alimenticios</str:Description>
        <str:Description xml:lang="fr">10 - Fabrication de produits alimentaires</str:Description>
        <str:Annotations>
          <com:Annotation>
            <com:AnnotationTitle>Sort</com:AnnotationTitle>
            <com:AnnotationText xml:lang="en">12540</com:AnnotationText>
          </com:Annotation>
          <com:Annotation>
            <com:AnnotationTitle>Default</com:AnnotationTitle>
            <com:AnnotationText xml:lang="en">Y</com:AnnotationText>
          </com:Annotation>
          <com:Annotation>
            <com:AnnotationTitle>Level</com:AnnotationTitle>
            <com:AnnotationText xml:lang="en">2</com:AnnotationText>
          </com:Annotation>
        </str:Annotations>
      </str:Code>
      <str:Code urn="urn:sdmx:org.sdmx.infomodel.codelist.Code=ILO:CL_ECO(1.0).ECO_ISIC4_TOTAL" value="ECO_ISIC4_TOTAL">
        <str:Description xml:lang="en">Total</str:Description>
        <str:Description xml:lang="es">Total</str:Description>
        <str:Description xml:lang="fr">Total</str:Description>
        <str:Annotations>
          <com:Annotation>
            <com:AnnotationTitle>Sort</com:AnnotationTitle>
            <com:AnnotationText xml:lang="en">12470</com:AnnotationText>
          </com:Annotation>
          <com:Annotation>
            <com:AnnotationTitle>Default</com:AnnotationTitle>
            <com:AnnotationText xml:lang="en">Y</com:AnnotationText>
          </com:Annotation>
          <com:Annotation>
            <com:AnnotationTitle>Level</com:AnnotationTitle>
            <com:AnnotationText xml:lang="en">1</com:AnnotationText>
          </com:Annotation>
        </str:Annotations>
      </str:Code>
      <str:Code urn="urn:sdmx:org.sdmx.infomodel.codelist.Code=ILO:CL_ECO(1.0).ECO_ISIC4_C_11" value="ECO_ISIC4_C_11">
        <str:Description xml:lang="en">11 - Manufacture of beverages</str:Description>
        <str:Description xml:lang="es">11 - Elaboración de bebidas</str:Description>
        <str:Description xml:lang="fr">11 - Fabrication de boissons</str:Description>
        <str:Annotations>
          <com:Annotation>
            <com:AnnotationTitle>Sort</com:AnnotationTitle>
            <com:AnnotationText xml:lang="en">12550</com:AnnotationText>
          </com:Annotation>
          <com:Annotation>
            <com:AnnotationTitle>Default</com:AnnotationTitle>
            <com:AnnotationText xml:lang="en">Y</com:AnnotationText>
          </com:Annotation>
          <com:Annotation>
            <com:AnnotationTitle>Level</com:AnnotationTitle>
            <com:AnnotationText xml:lang="en">2</com:AnnotationText>
          </com:Annotation>
        </str:Annotations>
      </str:Code>
      <str:Code urn="urn:sdmx:org.sdmx.infomodel.codelist.Code=ILO:CL_ECO(1.0).ECO_ISIC4_K_64" value="ECO_ISIC4_K_64">
        <str:Description xml:lang="en">64 - Financial service activities, except insurance and pension funding.</str:Description>
        <str:Description xml:lang="es">64 - Actividades de servicios financieros, excepto las de seguros y fondos de pensiones</str:Description>
        <str:Description xml:lang="fr">64 - Activités de services financiers, à l'exception des assurances et des caisses de retraite</str:Description>
        <str:Annotations>
          <com:Annotation>
            <com:AnnotationTitle>Sort</com:AnnotationTitle>
            <com:AnnotationText xml:lang="en">12760</com:AnnotationText>
          </com:Annotation>
          <com:Annotation>
            <com:AnnotationTitle>Default</com:AnnotationTitle>
            <com:AnnotationText xml:lang="en">Y</com:AnnotationText>
          </com:Annotation>
          <com:Annotation>
            <com:AnnotationTitle>Level</com:AnnotationTitle>
            <com:AnnotationText xml:lang="en">2</com:AnnotationText>
          </com:Annotation>
        </str:Annotations>
      </str:Code>
      <str:Code urn="urn:sdmx:org.sdmx.infomodel.codelist.Code=ILO:CL_ECO(1.0).ECO_ISIC4_K_65" value="ECO_ISIC4_K_65">
        <str:Description xml:lang="en">65 - Insurance, reinsurance and pension funding, except compulsory social security.</str:Description>
        <str:Description xml:lang="es">65 - Seguros, reaseguros y fondos de pensiones, excepto planes de seguridad social de afiliación obligatoria</str:Description>
        <str:Description xml:lang="fr">65 - Activités d'assurances, réassurance et de caisses de retraite, à l'exception de la sécurité sociale obligatoire</str:Description>
        <str:Annotations>
          <com:Annotation>
            <com:AnnotationTitle>Sort</com:AnnotationTitle>
            <com:AnnotationText xml:lang="en">12770</com:AnnotationText>
          </com:Annotation>
          <com:Annotation>
            <com:AnnotationTitle>Default</com:AnnotationTitle>
            <com:AnnotationText xml:lang="en">Y</com:AnnotationText>
          </com:Annotation>
          <com:Annotation>
            <com:AnnotationTitle>Level</com:AnnotationTitle>
            <com:AnnotationText xml:lang="en">2</com:AnnotationText>
          </com:Annotation>
        </str:Annotations>
      </str:Code>
      <str:Code urn="urn:sdmx:org.sdmx.infomodel.codelist.Code=ILO:CL_ECO(1.0).ECO_ISIC4_C_31" value="ECO_ISIC4_C_31">
        <str:Description xml:lang="en">31 - Manufacture of furniture</str:Description>
        <str:Description xml:lang="es">31 - Fabricación de muebles</str:Description>
        <str:Description xml:lang="fr">31 - Fabrication de meubles</str:Description>
        <str:Annotations>
          <com:Annotation>
            <com:AnnotationTitle>Sort</com:AnnotationTitle>
            <com:AnnotationText xml:lang="en">12590</com:AnnotationText>
          </com:Annotation>
          <com:Annotation>
            <com:AnnotationTitle>Default</com:AnnotationTitle>
            <com:AnnotationText xml:lang="en">Y</com:AnnotationText>
          </com:Annotation>
          <com:Annotation>
            <com:AnnotationTitle>Level</com:AnnotationTitle>
            <com:AnnotationText xml:lang="en">2</com:AnnotationText>
          </com:Annotation>
        </str:Annotations>
      </str:Code>
      <str:Code urn="urn:sdmx:org.sdmx.infomodel.codelist.Code=ILO:CL_ECO(1.0).ECO_ISIC4_A_01" value="ECO_ISIC4_A_01">
        <str:Description xml:lang="en">01 - Crop and animal production, hunting and related service activities.</str:Description>
        <str:Description xml:lang="es">01 - Agricultura, ganadería, caza y actividades de servicios conexas</str:Description>
        <str:Description xml:lang="fr">01 - Culture et production animale, chasse et activités de services connexes</str:Description>
        <str:Annotations>
          <com:Annotation>
            <com:AnnotationTitle>Sort</com:AnnotationTitle>
            <com:AnnotationText xml:lang="en">12490</com:AnnotationText>
          </com:Annotation>
          <com:Annotation>
            <com:AnnotationTitle>Default</com:AnnotationTitle>
            <com:AnnotationText xml:lang="en">Y</com:AnnotationText>
          </com:Annotation>
          <com:Annotation>
            <com:AnnotationTitle>Level</com:AnnotationTitle>
            <com:AnnotationText xml:lang="en">2</com:AnnotationText>
          </com:Annotation>
        </str:Annotations>
      </str:Code>
      <str:Code urn="urn:sdmx:org.sdmx.infomodel.codelist.Code=ILO:CL_ECO(1.0).ECO_ISIC4_A_03" value="ECO_ISIC4_A_03">
        <str:Description xml:lang="en">03 - Fishing and aquaculture</str:Description>
        <str:Description xml:lang="es">03 - Pesca y acuicultura</str:Description>
        <str:Description xml:lang="fr">03 - Pêche et aquaculture</str:Description>
        <str:Annotations>
          <com:Annotation>
            <com:AnnotationTitle>Sort</com:AnnotationTitle>
            <com:AnnotationText xml:lang="en">12500</com:AnnotationText>
          </com:Annotation>
          <com:Annotation>
            <com:AnnotationTitle>Default</com:AnnotationTitle>
            <com:AnnotationText xml:lang="en">Y</com:AnnotationText>
          </com:Annotation>
          <com:Annotation>
            <com:AnnotationTitle>Level</com:AnnotationTitle>
            <com:AnnotationText xml:lang="en">2</com:AnnotationText>
          </com:Annotation>
        </str:Annotations>
      </str:Code>
      <str:Code urn="urn:sdmx:org.sdmx.infomodel.codelist.Code=ILO:CL_ECO(1.0).ECO_ISIC4_F_41" value="ECO_ISIC4_F_41">
        <str:Description xml:lang="en">41 - Construction of buildings</str:Description>
        <str:Description xml:lang="es">41 - Construcción de edificios</str:Description>
        <str:Description xml:lang="fr">41 - Construction de bâtiments</str:Description>
        <str:Annotations>
          <com:Annotation>
            <com:AnnotationTitle>Sort</com:AnnotationTitle>
            <com:AnnotationText xml:lang="en">12640</com:AnnotationText>
          </com:Annotation>
          <com:Annotation>
            <com:AnnotationTitle>Default</com:AnnotationTitle>
            <com:AnnotationText xml:lang="en">Y</com:AnnotationText>
          </com:Annotation>
          <com:Annotation>
            <com:AnnotationTitle>Level</com:AnnotationTitle>
            <com:AnnotationText xml:lang="en">2</com:AnnotationText>
          </com:Annotation>
        </str:Annotations>
      </str:Code>
      <str:Code urn="urn:sdmx:org.sdmx.infomodel.codelist.Code=ILO:CL_ECO(1.0).ECO_ISIC4_N_78" value="ECO_ISIC4_N_78">
        <str:Description xml:lang="en">78 - Employment activities</str:Description>
        <str:Description xml:lang="es">78 - Actividades de empleo</str:Description>
        <str:Description xml:lang="fr">78 - Activités relatives à l'emploi</str:Description>
        <str:Annotations>
          <com:Annotation>
            <com:AnnotationTitle>Sort</com:AnnotationTitle>
            <com:AnnotationText xml:lang="en">12810</com:AnnotationText>
          </com:Annotation>
          <com:Annotation>
            <com:AnnotationTitle>Default</com:AnnotationTitle>
            <com:AnnotationText xml:lang="en">Y</com:AnnotationText>
          </com:Annotation>
          <com:Annotation>
            <com:AnnotationTitle>Level</com:AnnotationTitle>
            <com:AnnotationText xml:lang="en">2</com:AnnotationText>
          </com:Annotation>
        </str:Annotations>
      </str:Code>
      <str:Code urn="urn:sdmx:org.sdmx.infomodel.codelist.Code=ILO:CL_ECO(1.0).ECO_ISIC4_X" value="ECO_ISIC4_X">
        <str:Description xml:lang="en">X. Not elsewhere classified</str:Description>
        <str:Description xml:lang="es">X. No clasificados en otra parte</str:Description>
        <str:Description xml:lang="fr">X. Non classés ailleurs</str:Description>
        <str:Annotations>
          <com:Annotation>
            <com:AnnotationTitle>Sort</com:AnnotationTitle>
            <com:AnnotationText xml:lang="en">12900</com:AnnotationText>
          </com:Annotation>
          <com:Annotation>
            <com:AnnotationTitle>Default</com:AnnotationTitle>
            <com:AnnotationText xml:lang="en">Y</com:AnnotationText>
          </com:Annotation>
          <com:Annotation>
            <com:AnnotationTitle>Level</com:AnnotationTitle>
            <com:AnnotationText xml:lang="en">1</com:AnnotationText>
          </com:Annotation>
        </str:Annotations>
      </str:Code>
      <str:Code urn="urn:sdmx:org.sdmx.infomodel.codelist.Code=ILO:CL_ECO(1.0).ECO_ISIC3_H" value="ECO_ISIC3_H">
        <str:Description xml:lang="en">H. Hotels and restaurants</str:Description>
        <str:Description xml:lang="es">H. Hoteles y restaurantes</str:Description>
        <str:Description xml:lang="fr">H. Hôtels et restaurants</str:Description>
        <str:Annotations>
          <com:Annotation>
            <com:AnnotationTitle>Sort</com:AnnotationTitle>
            <com:AnnotationText xml:lang="en">13090</com:AnnotationText>
          </com:Annotation>
          <com:Annotation>
            <com:AnnotationTitle>Default</com:AnnotationTitle>
            <com:AnnotationText xml:lang="en">Y</com:AnnotationText>
          </com:Annotation>
          <com:Annotation>
            <com:AnnotationTitle>Level</com:AnnotationTitle>
            <com:AnnotationText xml:lang="en">1</com:AnnotationText>
          </com:Annotation>
        </str:Annotations>
      </str:Code>
      <str:Code urn="urn:sdmx:org.sdmx.infomodel.codelist.Code=ILO:CL_ECO(1.0).ECO_ISIC3_G" value="ECO_ISIC3_G">
        <str:Description xml:lang="en">G. Wholesale and retail trade; repair of motor vehicles, motorcycles and personal and household goods</str:Description>
        <str:Description xml:lang="es">G. Comercio al por mayor y al por menor; reparación de vehículos automotores, motocicletas, efectos personales y enseres domésticos</str:Description>
        <str:Description xml:lang="fr">G. Commerce de gros et de détail; réparation de véhicules automobiles, de motocycles et de biens personnels et domestiques</str:Description>
        <str:Annotations>
          <com:Annotation>
            <com:AnnotationTitle>Sort</com:AnnotationTitle>
            <com:AnnotationText xml:lang="en">13080</com:AnnotationText>
          </com:Annotation>
          <com:Annotation>
            <com:AnnotationTitle>Default</com:AnnotationTitle>
            <com:AnnotationText xml:lang="en">Y</com:AnnotationText>
          </com:Annotation>
          <com:Annotation>
            <com:AnnotationTitle>Level</com:AnnotationTitle>
            <com:AnnotationText xml:lang="en">1</com:AnnotationText>
          </com:Annotation>
        </str:Annotations>
      </str:Code>
      <str:Code urn="urn:sdmx:org.sdmx.infomodel.codelist.Code=ILO:CL_ECO(1.0).ECO_ISIC3_TOTAL" value="ECO_ISIC3_TOTAL">
        <str:Description xml:lang="en">Total</str:Description>
        <str:Description xml:lang="es">Total</str:Description>
        <str:Description xml:lang="fr">Total</str:Description>
        <str:Annotations>
          <com:Annotation>
            <com:AnnotationTitle>Sort</com:AnnotationTitle>
            <com:AnnotationText xml:lang="en">12910</com:AnnotationText>
          </com:Annotation>
          <com:Annotation>
            <com:AnnotationTitle>Default</com:AnnotationTitle>
            <com:AnnotationText xml:lang="en">Y</com:AnnotationText>
          </com:Annotation>
          <com:Annotation>
            <com:AnnotationTitle>Level</com:AnnotationTitle>
            <com:AnnotationText xml:lang="en">1</com:AnnotationText>
          </com:Annotation>
        </str:Annotations>
      </str:Code>
      <str:Code urn="urn:sdmx:org.sdmx.infomodel.codelist.Code=ILO:CL_ECO(1.0).ECO_ISIC3_F" value="ECO_ISIC3_F">
        <str:Description xml:lang="en">F. Construction</str:Description>
        <str:Description xml:lang="es">F. Construcción</str:Description>
        <str:Description xml:lang="fr">F. Construction</str:Description>
        <str:Annotations>
          <com:Annotation>
            <com:AnnotationTitle>Sort</com:AnnotationTitle>
            <com:AnnotationText xml:lang="en">13040</com:AnnotationText>
          </com:Annotation>
          <com:Annotation>
            <com:AnnotationTitle>Default</com:AnnotationTitle>
            <com:AnnotationText xml:lang="en">Y</com:AnnotationText>
          </com:Annotation>
          <com:Annotation>
            <com:AnnotationTitle>Level</com:AnnotationTitle>
            <com:AnnotationText xml:lang="en">1</com:AnnotationText>
          </com:Annotation>
        </str:Annotations>
      </str:Code>
      <str:Code urn="urn:sdmx:org.sdmx.infomodel.codelist.Code=ILO:CL_ECO(1.0).ECO_ISIC3_E" value="ECO_ISIC3_E">
        <str:Description xml:lang="en">E. Electricity, gas and water supply</str:Description>
        <str:Description xml:lang="es">E. Suministro de electricidad, gas y agua</str:Description>
        <str:Description xml:lang="fr">E. Production et distribution d'électricité, de gaz et d'eau</str:Description>
        <str:Annotations>
          <com:Annotation>
            <com:AnnotationTitle>Sort</com:AnnotationTitle>
            <com:AnnotationText xml:lang="en">13030</com:AnnotationText>
          </com:Annotation>
          <com:Annotation>
            <com:AnnotationTitle>Default</com:AnnotationTitle>
            <com:AnnotationText xml:lang="en">Y</com:AnnotationText>
          </com:Annotation>
          <com:Annotation>
            <com:AnnotationTitle>Level</com:AnnotationTitle>
            <com:AnnotationText xml:lang="en">1</com:AnnotationText>
          </com:Annotation>
        </str:Annotations>
      </str:Code>
      <str:Code urn="urn:sdmx:org.sdmx.infomodel.codelist.Code=ILO:CL_ECO(1.0).ECO_ISIC3_D" value="ECO_ISIC3_D">
        <str:Description xml:lang="en">D. Manufacturing</str:Description>
        <str:Description xml:lang="es">D. Industrias manufactureras</str:Description>
        <str:Description xml:lang="fr">D. Activités de fabrication</str:Description>
        <str:Annotations>
          <com:Annotation>
            <com:AnnotationTitle>Sort</com:AnnotationTitle>
            <com:AnnotationText xml:lang="en">12970</com:AnnotationText>
          </com:Annotation>
          <com:Annotation>
            <com:AnnotationTitle>Default</com:AnnotationTitle>
            <com:AnnotationText xml:lang="en">Y</com:AnnotationText>
          </com:Annotation>
          <com:Annotation>
            <com:AnnotationTitle>Level</com:AnnotationTitle>
            <com:AnnotationText xml:lang="en">1</com:AnnotationText>
          </com:Annotation>
        </str:Annotations>
      </str:Code>
      <str:Code urn="urn:sdmx:org.sdmx.infomodel.codelist.Code=ILO:CL_ECO(1.0).ECO_ISIC3_C" value="ECO_ISIC3_C">
        <str:Description xml:lang="en">C. Mining and quarrying</str:Description>
        <str:Description xml:lang="es">C. Explotación de minas y canteras</str:Description>
        <str:Description xml:lang="fr">C. Activités extractives</str:Description>
        <str:Annotations>
          <com:Annotation>
            <com:AnnotationTitle>Sort</com:AnnotationTitle>
            <com:AnnotationText xml:lang="en">12960</com:AnnotationText>
          </com:Annotation>
          <com:Annotation>
            <com:AnnotationTitle>Default</com:AnnotationTitle>
            <com:AnnotationText xml:lang="en">Y</com:AnnotationText>
          </com:Annotation>
          <com:Annotation>
            <com:AnnotationTitle>Level</com:AnnotationTitle>
            <com:AnnotationText xml:lang="en">1</com:AnnotationText>
          </com:Annotation>
        </str:Annotations>
      </str:Code>
      <str:Code urn="urn:sdmx:org.sdmx.infomodel.codelist.Code=ILO:CL_ECO(1.0).ECO_ISIC3_B" value="ECO_ISIC3_B">
        <str:Description xml:lang="en">B. Fishing</str:Description>
        <str:Description xml:lang="es">B. Pesca</str:Description>
        <str:Description xml:lang="fr">B. Pêche</str:Description>
        <str:Annotations>
          <com:Annotation>
            <com:AnnotationTitle>Sort</com:AnnotationTitle>
            <com:AnnotationText xml:lang="en">12940</com:AnnotationText>
          </com:Annotation>
          <com:Annotation>
            <com:AnnotationTitle>Default</com:AnnotationTitle>
            <com:AnnotationText xml:lang="en">Y</com:AnnotationText>
          </com:Annotation>
          <com:Annotation>
            <com:AnnotationTitle>Level</com:AnnotationTitle>
            <com:AnnotationText xml:lang="en">1</com:AnnotationText>
          </com:Annotation>
        </str:Annotations>
      </str:Code>
      <str:Code urn="urn:sdmx:org.sdmx.infomodel.codelist.Code=ILO:CL_ECO(1.0).ECO_ISIC3_A" value="ECO_ISIC3_A">
        <str:Description xml:lang="en">A. Agriculture, hunting and forestry</str:Description>
        <str:Description xml:lang="es">A. Agricultura, ganadería, caza y silvicultura</str:Description>
        <str:Description xml:lang="fr">A. Agriculture, chasse et sylviculture</str:Description>
        <str:Annotations>
          <com:Annotation>
            <com:AnnotationTitle>Sort</com:AnnotationTitle>
            <com:AnnotationText xml:lang="en">12920</com:AnnotationText>
          </com:Annotation>
          <com:Annotation>
            <com:AnnotationTitle>Default</com:AnnotationTitle>
            <com:AnnotationText xml:lang="en">Y</com:AnnotationText>
          </com:Annotation>
          <com:Annotation>
            <com:AnnotationTitle>Level</com:AnnotationTitle>
            <com:AnnotationText xml:lang="en">1</com:AnnotationText>
          </com:Annotation>
        </str:Annotations>
      </str:Code>
      <str:Code urn="urn:sdmx:org.sdmx.infomodel.codelist.Code=ILO:CL_ECO(1.0).ECO_ISIC3_O" value="ECO_ISIC3_O">
        <str:Description xml:lang="en">O. Other community, social and personal service activities</str:Description>
        <str:Description xml:lang="es">O. Otras actividades de servicios comunitarios, sociales y personales</str:Description>
        <str:Description xml:lang="fr">O. Autres activités de services collectifs, sociaux et personnels</str:Description>
        <str:Annotations>
          <com:Annotation>
            <com:AnnotationTitle>Sort</com:AnnotationTitle>
            <com:AnnotationText xml:lang="en">13240</com:AnnotationText>
          </com:Annotation>
          <com:Annotation>
            <com:AnnotationTitle>Default</com:AnnotationTitle>
            <com:AnnotationText xml:lang="en">Y</com:AnnotationText>
          </com:Annotation>
          <com:Annotation>
            <com:AnnotationTitle>Level</com:AnnotationTitle>
            <com:AnnotationText xml:lang="en">1</com:AnnotationText>
          </com:Annotation>
        </str:Annotations>
      </str:Code>
      <str:Code urn="urn:sdmx:org.sdmx.infomodel.codelist.Code=ILO:CL_ECO(1.0).ECO_ISIC3_P" value="ECO_ISIC3_P">
        <str:Description xml:lang="en">P. Activities of private households as employers and undifferentiated production activities of private households</str:Description>
        <str:Description xml:lang="es">P. Hogares privados con servicio doméstico</str:Description>
        <str:Description xml:lang="fr">P. Ménages privés employant du personnel domestique</str:Description>
        <str:Annotations>
          <com:Annotation>
            <com:AnnotationTitle>Sort</com:AnnotationTitle>
            <com:AnnotationText xml:lang="en">13250</com:AnnotationText>
          </com:Annotation>
          <com:Annotation>
            <com:AnnotationTitle>Default</com:AnnotationTitle>
            <com:AnnotationText xml:lang="en">Y</com:AnnotationText>
          </com:Annotation>
          <com:Annotation>
            <com:AnnotationTitle>Level</com:AnnotationTitle>
            <com:AnnotationText xml:lang="en">1</com:AnnotationText>
          </com:Annotation>
        </str:Annotations>
      </str:Code>
      <str:Code urn="urn:sdmx:org.sdmx.infomodel.codelist.Code=ILO:CL_ECO(1.0).ECO_ISIC3_M" value="ECO_ISIC3_M">
        <str:Description xml:lang="en">M. Education</str:Description>
        <str:Description xml:lang="es">M. Enseñanza</str:Description>
        <str:Description xml:lang="fr">M. Education</str:Description>
        <str:Annotations>
          <com:Annotation>
            <com:AnnotationTitle>Sort</com:AnnotationTitle>
            <com:AnnotationText xml:lang="en">13210</com:AnnotationText>
          </com:Annotation>
          <com:Annotation>
            <com:AnnotationTitle>Default</com:AnnotationTitle>
            <com:AnnotationText xml:lang="en">Y</com:AnnotationText>
          </com:Annotation>
          <com:Annotation>
            <com:AnnotationTitle>Level</com:AnnotationTitle>
            <com:AnnotationText xml:lang="en">1</com:AnnotationText>
          </com:Annotation>
        </str:Annotations>
      </str:Code>
      <str:Code urn="urn:sdmx:org.sdmx.infomodel.codelist.Code=ILO:CL_ECO(1.0).ECO_ISIC3_N" value="ECO_ISIC3_N">
        <str:Description xml:lang="en">N. Health and social work</str:Description>
        <str:Description xml:lang="es">N. Servicios sociales y de salud</str:Description>
        <str:Description xml:lang="fr">N. Santé et action sociale</str:Description>
        <str:Annotations>
          <com:Annotation>
            <com:AnnotationTitle>Sort</com:AnnotationTitle>
            <com:AnnotationText xml:lang="en">13220</com:AnnotationText>
          </com:Annotation>
          <com:Annotation>
            <com:AnnotationTitle>Default</com:AnnotationTitle>
            <com:AnnotationText xml:lang="en">Y</com:AnnotationText>
          </com:Annotation>
          <com:Annotation>
            <com:AnnotationTitle>Level</com:AnnotationTitle>
            <com:AnnotationText xml:lang="en">1</com:AnnotationText>
          </com:Annotation>
        </str:Annotations>
      </str:Code>
      <str:Code urn="urn:sdmx:org.sdmx.infomodel.codelist.Code=ILO:CL_ECO(1.0).ECO_ISIC3_K" value="ECO_ISIC3_K">
        <str:Description xml:lang="en">K. Real estate, renting and business activities</str:Description>
        <str:Description xml:lang="es">K. Actividades inmobiliarias, empresariales y de alquiler</str:Description>
        <str:Description xml:lang="fr">K. Immobilier, locations et activités de services aux entreprises</str:Description>
        <str:Annotations>
          <com:Annotation>
            <com:AnnotationTitle>Sort</com:AnnotationTitle>
            <com:AnnotationText xml:lang="en">13180</com:AnnotationText>
          </com:Annotation>
          <com:Annotation>
            <com:AnnotationTitle>Default</com:AnnotationTitle>
            <com:AnnotationText xml:lang="en">Y</com:AnnotationText>
          </com:Annotation>
          <com:Annotation>
            <com:AnnotationTitle>Level</com:AnnotationTitle>
            <com:AnnotationText xml:lang="en">1</com:AnnotationText>
          </com:Annotation>
        </str:Annotations>
      </str:Code>
      <str:Code urn="urn:sdmx:org.sdmx.infomodel.codelist.Code=ILO:CL_ECO(1.0).ECO_ISIC3_L" value="ECO_ISIC3_L">
        <str:Description xml:lang="en">L. Public administration and defence; compulsory social security</str:Description>
        <str:Description xml:lang="es">L. Administración pública y defensa; planes de seguridad social de afiliación obligatoria</str:Description>
        <str:Description xml:lang="fr">L. Administration publique et défense; sécurité sociale obligatoire</str:Description>
        <str:Annotations>
          <com:Annotation>
            <com:AnnotationTitle>Sort</com:AnnotationTitle>
            <com:AnnotationText xml:lang="en">13200</com:AnnotationText>
          </com:Annotation>
          <com:Annotation>
            <com:AnnotationTitle>Default</com:AnnotationTitle>
            <com:AnnotationText xml:lang="en">Y</com:AnnotationText>
          </com:Annotation>
          <com:Annotation>
            <com:AnnotationTitle>Level</com:AnnotationTitle>
            <com:AnnotationText xml:lang="en">1</com:AnnotationText>
          </com:Annotation>
        </str:Annotations>
      </str:Code>
      <str:Code urn="urn:sdmx:org.sdmx.infomodel.codelist.Code=ILO:CL_ECO(1.0).ECO_ISIC3_I" value="ECO_ISIC3_I">
        <str:Description xml:lang="en">I. Transport, storage and communications</str:Description>
        <str:Description xml:lang="es">I. Transporte, almacenamiento y comunicaciones</str:Description>
        <str:Description xml:lang="fr">I. Transports, entreposage et communications</str:Description>
        <str:Annotations>
          <com:Annotation>
            <com:AnnotationTitle>Sort</com:AnnotationTitle>
            <com:AnnotationText xml:lang="en">13110</com:AnnotationText>
          </com:Annotation>
          <com:Annotation>
            <com:AnnotationTitle>Default</com:AnnotationTitle>
            <com:AnnotationText xml:lang="en">Y</com:AnnotationText>
          </com:Annotation>
          <com:Annotation>
            <com:AnnotationTitle>Level</com:AnnotationTitle>
            <com:AnnotationText xml:lang="en">1</com:AnnotationText>
          </com:Annotation>
        </str:Annotations>
      </str:Code>
      <str:Code urn="urn:sdmx:org.sdmx.infomodel.codelist.Code=ILO:CL_ECO(1.0).ECO_ISIC3_J" value="ECO_ISIC3_J">
        <str:Description xml:lang="en">J. Financial intermediation</str:Description>
        <str:Description xml:lang="es">J. Intermediación financiera</str:Description>
        <str:Description xml:lang="fr">J. Intermédiation financière</str:Description>
        <str:Annotations>
          <com:Annotation>
            <com:AnnotationTitle>Sort</com:AnnotationTitle>
            <com:AnnotationText xml:lang="en">13140</com:AnnotationText>
          </com:Annotation>
          <com:Annotation>
            <com:AnnotationTitle>Default</com:AnnotationTitle>
            <com:AnnotationText xml:lang="en">Y</com:AnnotationText>
          </com:Annotation>
          <com:Annotation>
            <com:AnnotationTitle>Level</com:AnnotationTitle>
            <com:AnnotationText xml:lang="en">1</com:AnnotationText>
          </com:Annotation>
        </str:Annotations>
      </str:Code>
      <str:Code urn="urn:sdmx:org.sdmx.infomodel.codelist.Code=ILO:CL_ECO(1.0).ECO_ISIC3_X" value="ECO_ISIC3_X">
        <str:Description xml:lang="en">X. Not elsewhere classified</str:Description>
        <str:Description xml:lang="es">X. No clasificados en otra parte</str:Description>
        <str:Description xml:lang="fr">X. Non classés ailleurs</str:Description>
        <str:Annotations>
          <com:Annotation>
            <com:AnnotationTitle>Sort</com:AnnotationTitle>
            <com:AnnotationText xml:lang="en">13270</com:AnnotationText>
          </com:Annotation>
          <com:Annotation>
            <com:AnnotationTitle>Default</com:AnnotationTitle>
            <com:AnnotationText xml:lang="en">Y</com:AnnotationText>
          </com:Annotation>
          <com:Annotation>
            <com:AnnotationTitle>Level</com:AnnotationTitle>
            <com:AnnotationText xml:lang="en">1</com:AnnotationText>
          </com:Annotation>
        </str:Annotations>
      </str:Code>
      <str:Code urn="urn:sdmx:org.sdmx.infomodel.codelist.Code=ILO:CL_ECO(1.0).ECO_ISIC3_Q" value="ECO_ISIC3_Q">
        <str:Description xml:lang="en">Q. Extraterritorial organizations and bodies</str:Description>
        <str:Description xml:lang="es">Q. Organizaciones y órganos extraterritoriales</str:Description>
        <str:Description xml:lang="fr">Q. Organisations et organismes extraterritoriaux</str:Description>
        <str:Annotations>
          <com:Annotation>
            <com:AnnotationTitle>Sort</com:AnnotationTitle>
            <com:AnnotationText xml:lang="en">13260</com:AnnotationText>
          </com:Annotation>
          <com:Annotation>
            <com:AnnotationTitle>Default</com:AnnotationTitle>
            <com:AnnotationText xml:lang="en">Y</com:AnnotationText>
          </com:Annotation>
          <com:Annotation>
            <com:AnnotationTitle>Level</com:AnnotationTitle>
            <com:AnnotationText xml:lang="en">1</com:AnnotationText>
          </com:Annotation>
        </str:Annotations>
      </str:Code>
      <str:Code urn="urn:sdmx:org.sdmx.infomodel.codelist.Code=ILO:CL_ECO(1.0).ECO_ISIC2_6" value="ECO_ISIC2_6">
        <str:Description xml:lang="en">6. Wholesale and Retail Trade and Restaurants and Hotels</str:Description>
        <str:Description xml:lang="es">6. Comercio al por mayor y al por menor y restaurantes y hoteles</str:Description>
        <str:Description xml:lang="fr">6. Commerce de gros et de détail; restaurants et hôtels</str:Description>
        <str:Annotations>
          <com:Annotation>
            <com:AnnotationTitle>Sort</com:AnnotationTitle>
            <com:AnnotationText xml:lang="en">13670</com:AnnotationText>
          </com:Annotation>
          <com:Annotation>
            <com:AnnotationTitle>Default</com:AnnotationTitle>
            <com:AnnotationText xml:lang="en">Y</com:AnnotationText>
          </com:Annotation>
          <com:Annotation>
            <com:AnnotationTitle>Level</com:AnnotationTitle>
            <com:AnnotationText xml:lang="en">1</com:AnnotationText>
          </com:Annotation>
        </str:Annotations>
      </str:Code>
      <str:Code urn="urn:sdmx:org.sdmx.infomodel.codelist.Code=ILO:CL_ECO(1.0).ECO_ISIC2_7" value="ECO_ISIC2_7">
        <str:Description xml:lang="en">7. Transport, Storage and Communication</str:Description>
        <str:Description xml:lang="es">7. Transportes, almacenamiento y comunicaciones</str:Description>
        <str:Description xml:lang="fr">7. Transports, entrepôts et communications</str:Description>
        <str:Annotations>
          <com:Annotation>
            <com:AnnotationTitle>Sort</com:AnnotationTitle>
            <com:AnnotationText xml:lang="en">13680</com:AnnotationText>
          </com:Annotation>
          <com:Annotation>
            <com:AnnotationTitle>Default</com:AnnotationTitle>
            <com:AnnotationText xml:lang="en">Y</com:AnnotationText>
          </com:Annotation>
          <com:Annotation>
            <com:AnnotationTitle>Level</com:AnnotationTitle>
            <com:AnnotationText xml:lang="en">1</com:AnnotationText>
          </com:Annotation>
        </str:Annotations>
      </str:Code>
      <str:Code urn="urn:sdmx:org.sdmx.infomodel.codelist.Code=ILO:CL_ECO(1.0).ECO_ISIC2_8" value="ECO_ISIC2_8">
        <str:Description xml:lang="en">8. Financing, Insurance, Real Estate and Business Services</str:Description>
        <str:Description xml:lang="es">8. Establecimientos financieros, seguros, bienes inmuebles y servicios prestados a las empresas</str:Description>
        <str:Description xml:lang="fr">8. Banques, assurances, affaires immobilières et services fournis aux entreprises</str:Description>
        <str:Annotations>
          <com:Annotation>
            <com:AnnotationTitle>Sort</com:AnnotationTitle>
            <com:AnnotationText xml:lang="en">13690</com:AnnotationText>
          </com:Annotation>
          <com:Annotation>
            <com:AnnotationTitle>Default</com:AnnotationTitle>
            <com:AnnotationText xml:lang="en">Y</com:AnnotationText>
          </com:Annotation>
          <com:Annotation>
            <com:AnnotationTitle>Level</com:AnnotationTitle>
            <com:AnnotationText xml:lang="en">1</com:AnnotationText>
          </com:Annotation>
        </str:Annotations>
      </str:Code>
      <str:Code urn="urn:sdmx:org.sdmx.infomodel.codelist.Code=ILO:CL_ECO(1.0).ECO_ISIC2_9" value="ECO_ISIC2_9">
        <str:Description xml:lang="en">9. Community, Social and Personal Services</str:Description>
        <str:Description xml:lang="es">9. Servicios comunales, sociales y personales</str:Description>
        <str:Description xml:lang="fr">9. Services fournis à la collectivité, services sociaux et services personnels</str:Description>
        <str:Annotations>
          <com:Annotation>
            <com:AnnotationTitle>Sort</com:AnnotationTitle>
            <com:AnnotationText xml:lang="en">13700</com:AnnotationText>
          </com:Annotation>
          <com:Annotation>
            <com:AnnotationTitle>Default</com:AnnotationTitle>
            <com:AnnotationText xml:lang="en">Y</com:AnnotationText>
          </com:Annotation>
          <com:Annotation>
            <com:AnnotationTitle>Level</com:AnnotationTitle>
            <com:AnnotationText xml:lang="en">1</com:AnnotationText>
          </com:Annotation>
        </str:Annotations>
      </str:Code>
      <str:Code urn="urn:sdmx:org.sdmx.infomodel.codelist.Code=ILO:CL_ECO(1.0).ECO_ISIC2_2" value="ECO_ISIC2_2">
        <str:Description xml:lang="en">2. Mining and Quarrying</str:Description>
        <str:Description xml:lang="es">2. Explotación de minas y canteras</str:Description>
        <str:Description xml:lang="fr">2. Industries extractives</str:Description>
        <str:Annotations>
          <com:Annotation>
            <com:AnnotationTitle>Sort</com:AnnotationTitle>
            <com:AnnotationText xml:lang="en">13620</com:AnnotationText>
          </com:Annotation>
          <com:Annotation>
            <com:AnnotationTitle>Default</com:AnnotationTitle>
            <com:AnnotationText xml:lang="en">Y</com:AnnotationText>
          </com:Annotation>
          <com:Annotation>
            <com:AnnotationTitle>Level</com:AnnotationTitle>
            <com:AnnotationText xml:lang="en">1</com:AnnotationText>
          </com:Annotation>
        </str:Annotations>
      </str:Code>
      <str:Code urn="urn:sdmx:org.sdmx.infomodel.codelist.Code=ILO:CL_ECO(1.0).ECO_ISIC2_3" value="ECO_ISIC2_3">
        <str:Description xml:lang="en">3. Manufacturing</str:Description>
        <str:Description xml:lang="es">3. Industrias manufactureras</str:Description>
        <str:Description xml:lang="fr">3. Industries manufacturières</str:Description>
        <str:Annotations>
          <com:Annotation>
            <com:AnnotationTitle>Sort</com:AnnotationTitle>
            <com:AnnotationText xml:lang="en">13640</com:AnnotationText>
          </com:Annotation>
          <com:Annotation>
            <com:AnnotationTitle>Default</com:AnnotationTitle>
            <com:AnnotationText xml:lang="en">Y</com:AnnotationText>
          </com:Annotation>
          <com:Annotation>
            <com:AnnotationTitle>Level</com:AnnotationTitle>
            <com:AnnotationText xml:lang="en">1</com:AnnotationText>
          </com:Annotation>
        </str:Annotations>
      </str:Code>
      <str:Code urn="urn:sdmx:org.sdmx.infomodel.codelist.Code=ILO:CL_ECO(1.0).ECO_ISIC2_4" value="ECO_ISIC2_4">
        <str:Description xml:lang="en">4. Electricity, Gas and Water</str:Description>
        <str:Description xml:lang="es">4. Electricidad, gas y agua</str:Description>
        <str:Description xml:lang="fr">4. Electricité, gaz et eau</str:Description>
        <str:Annotations>
          <com:Annotation>
            <com:AnnotationTitle>Sort</com:AnnotationTitle>
            <com:AnnotationText xml:lang="en">13650</com:AnnotationText>
          </com:Annotation>
          <com:Annotation>
            <com:AnnotationTitle>Default</com:AnnotationTitle>
            <com:AnnotationText xml:lang="en">Y</com:AnnotationText>
          </com:Annotation>
          <com:Annotation>
            <com:AnnotationTitle>Level</com:AnnotationTitle>
            <com:AnnotationText xml:lang="en">1</com:AnnotationText>
          </com:Annotation>
        </str:Annotations>
      </str:Code>
      <str:Code urn="urn:sdmx:org.sdmx.infomodel.codelist.Code=ILO:CL_ECO(1.0).ECO_ISIC2_TOTAL" value="ECO_ISIC2_TOTAL">
        <str:Description xml:lang="en">Total</str:Description>
        <str:Description xml:lang="es">Total</str:Description>
        <str:Description xml:lang="fr">Total</str:Description>
        <str:Annotations>
          <com:Annotation>
            <com:AnnotationTitle>Sort</com:AnnotationTitle>
            <com:AnnotationText xml:lang="en">13600</com:AnnotationText>
          </com:Annotation>
          <com:Annotation>
            <com:AnnotationTitle>Default</com:AnnotationTitle>
            <com:AnnotationText xml:lang="en">Y</com:AnnotationText>
          </com:Annotation>
          <com:Annotation>
            <com:AnnotationTitle>Level</com:AnnotationTitle>
            <com:AnnotationText xml:lang="en">1</com:AnnotationText>
          </com:Annotation>
        </str:Annotations>
      </str:Code>
      <str:Code urn="urn:sdmx:org.sdmx.infomodel.codelist.Code=ILO:CL_ECO(1.0).ECO_ISIC2_5" value="ECO_ISIC2_5">
        <str:Description xml:lang="en">5. Construction</str:Description>
        <str:Description xml:lang="es">5. Construcción</str:Description>
        <str:Description xml:lang="fr">5. Bâtiment et travaux publics</str:Description>
        <str:Annotations>
          <com:Annotation>
            <com:AnnotationTitle>Sort</com:AnnotationTitle>
            <com:AnnotationText xml:lang="en">13660</com:AnnotationText>
          </com:Annotation>
          <com:Annotation>
            <com:AnnotationTitle>Default</com:AnnotationTitle>
            <com:AnnotationText xml:lang="en">Y</com:AnnotationText>
          </com:Annotation>
          <com:Annotation>
            <com:AnnotationTitle>Level</com:AnnotationTitle>
            <com:AnnotationText xml:lang="en">1</com:AnnotationText>
          </com:Annotation>
        </str:Annotations>
      </str:Code>
      <str:Code urn="urn:sdmx:org.sdmx.infomodel.codelist.Code=ILO:CL_ECO(1.0).ECO_ISIC2_0" value="ECO_ISIC2_0">
        <str:Description xml:lang="en">0. Activities not Adequately Defined</str:Description>
        <str:Description xml:lang="es">0. Actividades no bien especificadas</str:Description>
        <str:Description xml:lang="fr">0. Activités mal désignées</str:Description>
        <str:Annotations>
          <com:Annotation>
            <com:AnnotationTitle>Sort</com:AnnotationTitle>
            <com:AnnotationText xml:lang="en">13710</com:AnnotationText>
          </com:Annotation>
          <com:Annotation>
            <com:AnnotationTitle>Default</com:AnnotationTitle>
            <com:AnnotationText xml:lang="en">Y</com:AnnotationText>
          </com:Annotation>
          <com:Annotation>
            <com:AnnotationTitle>Level</com:AnnotationTitle>
            <com:AnnotationText xml:lang="en">1</com:AnnotationText>
          </com:Annotation>
        </str:Annotations>
      </str:Code>
      <str:Code urn="urn:sdmx:org.sdmx.infomodel.codelist.Code=ILO:CL_ECO(1.0).ECO_ISIC2_1" value="ECO_ISIC2_1">
        <str:Description xml:lang="en">1. Agriculture, Hunting, Forestry and Fishing</str:Description>
        <str:Description xml:lang="es">1. Agricultura, caza, silvicultura y pesca</str:Description>
        <str:Description xml:lang="fr">1. Agriculture, chasse, sylviculture et pêche</str:Description>
        <str:Annotations>
          <com:Annotation>
            <com:AnnotationTitle>Sort</com:AnnotationTitle>
            <com:AnnotationText xml:lang="en">13610</com:AnnotationText>
          </com:Annotation>
          <com:Annotation>
            <com:AnnotationTitle>Default</com:AnnotationTitle>
            <com:AnnotationText xml:lang="en">Y</com:AnnotationText>
          </com:Annotation>
          <com:Annotation>
            <com:AnnotationTitle>Level</com:AnnotationTitle>
            <com:AnnotationText xml:lang="en">1</com:AnnotationText>
          </com:Annotation>
        </str:Annotations>
      </str:Code>
      <str:Code urn="urn:sdmx:org.sdmx.infomodel.codelist.Code=ILO:CL_ECO(1.0).ECO_DETAILS_F" value="ECO_DETAILS_F">
        <str:Description xml:lang="en">Construction ~ISIC rev.4 F</str:Description>
        <str:Description xml:lang="es">Construcción ~CIIU rev.4 F</str:Description>
        <str:Description xml:lang="fr">Construction ~CITI rev.4 F</str:Description>
        <str:Annotations>
          <com:Annotation>
            <com:AnnotationTitle>Sort</com:AnnotationTitle>
            <com:AnnotationText xml:lang="en">13050</com:AnnotationText>
          </com:Annotation>
          <com:Annotation>
            <com:AnnotationTitle>Default</com:AnnotationTitle>
            <com:AnnotationText xml:lang="en">Y</com:AnnotationText>
          </com:Annotation>
          <com:Annotation>
            <com:AnnotationTitle>Level</com:AnnotationTitle>
            <com:AnnotationText xml:lang="en">1</com:AnnotationText>
          </com:Annotation>
        </str:Annotations>
      </str:Code>
      <str:Code urn="urn:sdmx:org.sdmx.infomodel.codelist.Code=ILO:CL_ECO(1.0).ECO_DETAILS_G" value="ECO_DETAILS_G">
        <str:Description xml:lang="en">Wholesale and retail trade; repair of motor vehicles and motorcycles ~ISIC rev.4 G</str:Description>
        <str:Description xml:lang="es">Comercio al por mayor y al por menor; reparación de vehículos automotores y motocicletas ~CIIU rev.4 G</str:Description>
        <str:Description xml:lang="fr">Commerce de gros et de détail; réparations de véhicules automobiles et de motocycles ~CITI rev.4 G</str:Description>
        <str:Annotations>
          <com:Annotation>
            <com:AnnotationTitle>Sort</com:AnnotationTitle>
            <com:AnnotationText xml:lang="en">13060</com:AnnotationText>
          </com:Annotation>
          <com:Annotation>
            <com:AnnotationTitle>Default</com:AnnotationTitle>
            <com:AnnotationText xml:lang="en">Y</com:AnnotationText>
          </com:Annotation>
          <com:Annotation>
            <com:AnnotationTitle>Level</com:AnnotationTitle>
            <com:AnnotationText xml:lang="en">1</com:AnnotationText>
          </com:Annotation>
        </str:Annotations>
      </str:Code>
      <str:Code urn="urn:sdmx:org.sdmx.infomodel.codelist.Code=ILO:CL_ECO(1.0).ECO_DETAILS_I" value="ECO_DETAILS_I">
        <str:Description xml:lang="en">Accommodation and food service activities ~ISIC rev.4 I</str:Description>
        <str:Description xml:lang="es">Actividades de alojamiento y de servicio de comidas ~CIIU rev.4 I</str:Description>
        <str:Description xml:lang="fr">Activités d'hébergement et de restauration ~CITI rev.4 I</str:Description>
        <str:Annotations>
          <com:Annotation>
            <com:AnnotationTitle>Sort</com:AnnotationTitle>
            <com:AnnotationText xml:lang="en">13080</com:AnnotationText>
          </com:Annotation>
          <com:Annotation>
            <com:AnnotationTitle>Default</com:AnnotationTitle>
            <com:AnnotationText xml:lang="en">Y</com:AnnotationText>
          </com:Annotation>
          <com:Annotation>
            <com:AnnotationTitle>Level</com:AnnotationTitle>
            <com:AnnotationText xml:lang="en">1</com:AnnotationText>
          </com:Annotation>
        </str:Annotations>
      </str:Code>
      <str:Code urn="urn:sdmx:org.sdmx.infomodel.codelist.Code=ILO:CL_ECO(1.0).ECO_DETAILS_HJ" value="ECO_DETAILS_HJ">
        <str:Description xml:lang="en">Transport; storage and communication ~ISIC rev.4 H; J</str:Description>
        <str:Description xml:lang="es">Transporte; almacenamiento y comunicación ~CIIU rev.4 H; J</str:Description>
        <str:Description xml:lang="fr">Transport; stockage et communication ~CITI rev.4 H; J</str:Description>
        <str:Annotations>
          <com:Annotation>
            <com:AnnotationTitle>Sort</com:AnnotationTitle>
            <com:AnnotationText xml:lang="en">13070</com:AnnotationText>
          </com:Annotation>
          <com:Annotation>
            <com:AnnotationTitle>Default</com:AnnotationTitle>
            <com:AnnotationText xml:lang="en">Y</com:AnnotationText>
          </com:Annotation>
          <com:Annotation>
            <com:AnnotationTitle>Level</com:AnnotationTitle>
            <com:AnnotationText xml:lang="en">1</com:AnnotationText>
          </com:Annotation>
        </str:Annotations>
      </str:Code>
      <str:Code urn="urn:sdmx:org.sdmx.infomodel.codelist.Code=ILO:CL_ECO(1.0).ECO_DETAILS_K" value="ECO_DETAILS_K">
        <str:Description xml:lang="en">Financial and insurance activities ~ISIC rev.4 K</str:Description>
        <str:Description xml:lang="es">Actividades financieras y de seguros ~CIIU rev.4 K</str:Description>
        <str:Description xml:lang="fr">Activités financières et d'assurances ~CITI rev.4 K</str:Description>
        <str:Annotations>
          <com:Annotation>
            <com:AnnotationTitle>Sort</com:AnnotationTitle>
            <com:AnnotationText xml:lang="en">13090</com:AnnotationText>
          </com:Annotation>
          <com:Annotation>
            <com:AnnotationTitle>Default</com:AnnotationTitle>
            <com:AnnotationText xml:lang="en">Y</com:AnnotationText>
          </com:Annotation>
          <com:Annotation>
            <com:AnnotationTitle>Level</com:AnnotationTitle>
            <com:AnnotationText xml:lang="en">1</com:AnnotationText>
          </com:Annotation>
        </str:Annotations>
      </str:Code>
      <str:Code urn="urn:sdmx:org.sdmx.infomodel.codelist.Code=ILO:CL_ECO(1.0).ECO_DETAILS_O" value="ECO_DETAILS_O">
        <str:Description xml:lang="en">Public administration and defence; compulsory social security ~ISIC rev.4 O</str:Description>
        <str:Description xml:lang="es">Administración pública y defensa; planes de seguridad social de afiliación obligatoria ~CIIU rev.4 O</str:Description>
        <str:Description xml:lang="fr">Administration publique et défense; sécurité sociale obligatoire ~CITI rev.4 O</str:Description>
        <str:Annotations>
          <com:Annotation>
            <com:AnnotationTitle>Sort</com:AnnotationTitle>
            <com:AnnotationText xml:lang="en">13110</com:AnnotationText>
          </com:Annotation>
          <com:Annotation>
            <com:AnnotationTitle>Default</com:AnnotationTitle>
            <com:AnnotationText xml:lang="en">Y</com:AnnotationText>
          </com:Annotation>
          <com:Annotation>
            <com:AnnotationTitle>Level</com:AnnotationTitle>
            <com:AnnotationText xml:lang="en">1</com:AnnotationText>
          </com:Annotation>
        </str:Annotations>
      </str:Code>
      <str:Code urn="urn:sdmx:org.sdmx.infomodel.codelist.Code=ILO:CL_ECO(1.0).ECO_DETAILS_P" value="ECO_DETAILS_P">
        <str:Description xml:lang="en">Education ~ISIC rev.4 P</str:Description>
        <str:Description xml:lang="es">Enseñanza ~CIIU rev.4 P</str:Description>
        <str:Description xml:lang="fr">Éducation ~CITI rev.4 P</str:Description>
        <str:Annotations>
          <com:Annotation>
            <com:AnnotationTitle>Sort</com:AnnotationTitle>
            <com:AnnotationText xml:lang="en">13120</com:AnnotationText>
          </com:Annotation>
          <com:Annotation>
            <com:AnnotationTitle>Default</com:AnnotationTitle>
            <com:AnnotationText xml:lang="en">Y</com:AnnotationText>
          </com:Annotation>
          <com:Annotation>
            <com:AnnotationTitle>Level</com:AnnotationTitle>
            <com:AnnotationText xml:lang="en">1</com:AnnotationText>
          </com:Annotation>
        </str:Annotations>
      </str:Code>
      <str:Code urn="urn:sdmx:org.sdmx.infomodel.codelist.Code=ILO:CL_ECO(1.0).ECO_DETAILS_Q" value="ECO_DETAILS_Q">
        <str:Description xml:lang="en">Human health and social work activities ~ISIC rev.4 Q</str:Description>
        <str:Description xml:lang="es">Actividades de atención de la salud humana y de asistencia social ~CIIU rev.4 Q</str:Description>
        <str:Description xml:lang="fr">Santé et et activités d'action sociale ~CITI rev.4 Q</str:Description>
        <str:Annotations>
          <com:Annotation>
            <com:AnnotationTitle>Sort</com:AnnotationTitle>
            <com:AnnotationText xml:lang="en">13130</com:AnnotationText>
          </com:Annotation>
          <com:Annotation>
            <com:AnnotationTitle>Default</com:AnnotationTitle>
            <com:AnnotationText xml:lang="en">Y</com:AnnotationText>
          </com:Annotation>
          <com:Annotation>
            <com:AnnotationTitle>Level</com:AnnotationTitle>
            <com:AnnotationText xml:lang="en">1</com:AnnotationText>
          </com:Annotation>
        </str:Annotations>
      </str:Code>
      <str:Code urn="urn:sdmx:org.sdmx.infomodel.codelist.Code=ILO:CL_ECO(1.0).ECO_DETAILS_DE" value="ECO_DETAILS_DE">
        <str:Description xml:lang="en">Utilities ~ISIC rev.4 D; E</str:Description>
        <str:Description xml:lang="es">Utilidades ~CIIU rev.4 D; E</str:Description>
        <str:Description xml:lang="fr">Utilitaires ~CITI rev.4 D; E</str:Description>
        <str:Annotations>
          <com:Annotation>
            <com:AnnotationTitle>Sort</com:AnnotationTitle>
            <com:AnnotationText xml:lang="en">13040</com:AnnotationText>
          </com:Annotation>
          <com:Annotation>
            <com:AnnotationTitle>Default</com:AnnotationTitle>
            <com:AnnotationText xml:lang="en">Y</com:AnnotationText>
          </com:Annotation>
          <com:Annotation>
            <com:AnnotationTitle>Level</com:AnnotationTitle>
            <com:AnnotationText xml:lang="en">1</com:AnnotationText>
          </com:Annotation>
        </str:Annotations>
      </str:Code>
      <str:Code urn="urn:sdmx:org.sdmx.infomodel.codelist.Code=ILO:CL_ECO(1.0).ECO_DETAILS_LMN" value="ECO_DETAILS_LMN">
        <str:Description xml:lang="en">Real estate; business and administrative activities ~ISIC rev.4 L; M; N</str:Description>
        <str:Description xml:lang="es">Actividades inmobiliarias; comerciales y administrativas ~CIIU rev.4 L; M; N</str:Description>
        <str:Description xml:lang="fr">Activités immobilières; commerciales et administratives ~CITI rev.4 L; M; N</str:Description>
        <str:Annotations>
          <com:Annotation>
            <com:AnnotationTitle>Sort</com:AnnotationTitle>
            <com:AnnotationText xml:lang="en">13100</com:AnnotationText>
          </com:Annotation>
          <com:Annotation>
            <com:AnnotationTitle>Default</com:AnnotationTitle>
            <com:AnnotationText xml:lang="en">Y</com:AnnotationText>
          </com:Annotation>
          <com:Annotation>
            <com:AnnotationTitle>Level</com:AnnotationTitle>
            <com:AnnotationText xml:lang="en">1</com:AnnotationText>
          </com:Annotation>
        </str:Annotations>
      </str:Code>
      <str:Code urn="urn:sdmx:org.sdmx.infomodel.codelist.Code=ILO:CL_ECO(1.0).ECO_DETAILS_RSTU" value="ECO_DETAILS_RSTU">
        <str:Description xml:lang="en">Other services ~ISIC rev.4 R; S; T; U</str:Description>
        <str:Description xml:lang="es">Otros servicios ~CIIU rev.4 R; S; T; U</str:Description>
        <str:Description xml:lang="fr">Autres services ~CITI rev.4 R; S; T; U</str:Description>
        <str:Annotations>
          <com:Annotation>
            <com:AnnotationTitle>Sort</com:AnnotationTitle>
            <com:AnnotationText xml:lang="en">13140</com:AnnotationText>
          </com:Annotation>
          <com:Annotation>
            <com:AnnotationTitle>Default</com:AnnotationTitle>
            <com:AnnotationText xml:lang="en">Y</com:AnnotationText>
          </com:Annotation>
          <com:Annotation>
            <com:AnnotationTitle>Level</com:AnnotationTitle>
            <com:AnnotationText xml:lang="en">1</com:AnnotationText>
          </com:Annotation>
        </str:Annotations>
      </str:Code>
      <str:Code urn="urn:sdmx:org.sdmx.infomodel.codelist.Code=ILO:CL_ECO(1.0).ECO_DETAILS_TOTAL" value="ECO_DETAILS_TOTAL">
        <str:Description xml:lang="en">Total</str:Description>
        <str:Description xml:lang="es">Total</str:Description>
        <str:Description xml:lang="fr">Total</str:Description>
        <str:Annotations>
          <com:Annotation>
            <com:AnnotationTitle>Sort</com:AnnotationTitle>
            <com:AnnotationText xml:lang="en">13000</com:AnnotationText>
          </com:Annotation>
          <com:Annotation>
            <com:AnnotationTitle>Default</com:AnnotationTitle>
            <com:AnnotationText xml:lang="en">Y</com:AnnotationText>
          </com:Annotation>
          <com:Annotation>
            <com:AnnotationTitle>Level</com:AnnotationTitle>
            <com:AnnotationText xml:lang="en">1</com:AnnotationText>
          </com:Annotation>
        </str:Annotations>
      </str:Code>
      <str:Code urn="urn:sdmx:org.sdmx.infomodel.codelist.Code=ILO:CL_ECO(1.0).ECO_DETAILS_C" value="ECO_DETAILS_C">
        <str:Description xml:lang="en">Manufacturing ~ISIC rev.4 C</str:Description>
        <str:Description xml:lang="es">Industrias manufactureras ~CIIU rev.4 C</str:Description>
        <str:Description xml:lang="fr">Activités de fabrication ~CITI rev.4 C</str:Description>
        <str:Annotations>
          <com:Annotation>
            <com:AnnotationTitle>Sort</com:AnnotationTitle>
            <com:AnnotationText xml:lang="en">13030</com:AnnotationText>
          </com:Annotation>
          <com:Annotation>
            <com:AnnotationTitle>Default</com:AnnotationTitle>
            <com:AnnotationText xml:lang="en">Y</com:AnnotationText>
          </com:Annotation>
          <com:Annotation>
            <com:AnnotationTitle>Level</com:AnnotationTitle>
            <com:AnnotationText xml:lang="en">1</com:AnnotationText>
          </com:Annotation>
        </str:Annotations>
      </str:Code>
      <str:Code urn="urn:sdmx:org.sdmx.infomodel.codelist.Code=ILO:CL_ECO(1.0).ECO_DETAILS_B" value="ECO_DETAILS_B">
        <str:Description xml:lang="en">Mining and quarrying ~ISIC rev.4 B</str:Description>
        <str:Description xml:lang="es">Explotación de minas y canteras ~CIIU rev.4 B</str:Description>
        <str:Description xml:lang="fr">Activités extractives ~CITI rev.4 B</str:Description>
        <str:Annotations>
          <com:Annotation>
            <com:AnnotationTitle>Sort</com:AnnotationTitle>
            <com:AnnotationText xml:lang="en">13020</com:AnnotationText>
          </com:Annotation>
          <com:Annotation>
            <com:AnnotationTitle>Default</com:AnnotationTitle>
            <com:AnnotationText xml:lang="en">Y</com:AnnotationText>
          </com:Annotation>
          <com:Annotation>
            <com:AnnotationTitle>Level</com:AnnotationTitle>
            <com:AnnotationText xml:lang="en">1</com:AnnotationText>
          </com:Annotation>
        </str:Annotations>
      </str:Code>
      <str:Code urn="urn:sdmx:org.sdmx.infomodel.codelist.Code=ILO:CL_ECO(1.0).ECO_DETAILS_A" value="ECO_DETAILS_A">
        <str:Description xml:lang="en">Agriculture; forestry and fishing ~ISIC rev.4 A</str:Description>
        <str:Description xml:lang="es">Agricultura; ganadería; silvicultura y pesca ~CIIU rev.4 A</str:Description>
        <str:Description xml:lang="fr">Agriculture; sylviculture et pêche ~CITI rev.4 A</str:Description>
        <str:Annotations>
          <com:Annotation>
            <com:AnnotationTitle>Sort</com:AnnotationTitle>
            <com:AnnotationText xml:lang="en">13010</com:AnnotationText>
          </com:Annotation>
          <com:Annotation>
            <com:AnnotationTitle>Default</com:AnnotationTitle>
            <com:AnnotationText xml:lang="en">Y</com:AnnotationText>
          </com:Annotation>
          <com:Annotation>
            <com:AnnotationTitle>Level</com:AnnotationTitle>
            <com:AnnotationText xml:lang="en">1</com:AnnotationText>
          </com:Annotation>
        </str:Annotations>
      </str:Code>
      <str:Code urn="urn:sdmx:org.sdmx.infomodel.codelist.Code=ILO:CL_ECO(1.0).ECO_AGGREGATE_MIN" value="ECO_AGGREGATE_MIN">
        <str:Description xml:lang="en">Mining and quarrying</str:Description>
        <str:Description xml:lang="es">Explotación de minas y canteras</str:Description>
        <str:Description xml:lang="fr">Activités extractives</str:Description>
        <str:Annotations>
          <com:Annotation>
            <com:AnnotationTitle>Sort</com:AnnotationTitle>
            <com:AnnotationText xml:lang="en">13940</com:AnnotationText>
          </com:Annotation>
          <com:Annotation>
            <com:AnnotationTitle>Default</com:AnnotationTitle>
            <com:AnnotationText xml:lang="en">N</com:AnnotationText>
          </com:Annotation>
          <com:Annotation>
            <com:AnnotationTitle>Level</com:AnnotationTitle>
            <com:AnnotationText xml:lang="en">1</com:AnnotationText>
          </com:Annotation>
        </str:Annotations>
      </str:Code>
      <str:Code urn="urn:sdmx:org.sdmx.infomodel.codelist.Code=ILO:CL_ECO(1.0).ECO_AGGREGATE_MAN" value="ECO_AGGREGATE_MAN">
        <str:Description xml:lang="en">Manufacturing</str:Description>
        <str:Description xml:lang="es">Manufacturas</str:Description>
        <str:Description xml:lang="fr">Manufacture</str:Description>
        <str:Annotations>
          <com:Annotation>
            <com:AnnotationTitle>Sort</com:AnnotationTitle>
            <com:AnnotationText xml:lang="en">13950</com:AnnotationText>
          </com:Annotation>
          <com:Annotation>
            <com:AnnotationTitle>Default</com:AnnotationTitle>
            <com:AnnotationText xml:lang="en">Y</com:AnnotationText>
          </com:Annotation>
          <com:Annotation>
            <com:AnnotationTitle>Level</com:AnnotationTitle>
            <com:AnnotationText xml:lang="en">1</com:AnnotationText>
          </com:Annotation>
        </str:Annotations>
      </str:Code>
      <str:Code urn="urn:sdmx:org.sdmx.infomodel.codelist.Code=ILO:CL_ECO(1.0).ECO_AGGREGATE_X" value="ECO_AGGREGATE_X">
        <str:Description xml:lang="en">Not classified</str:Description>
        <str:Description xml:lang="es">Sin clasificar</str:Description>
        <str:Description xml:lang="fr">Non classé</str:Description>
        <str:Annotations>
          <com:Annotation>
            <com:AnnotationTitle>Sort</com:AnnotationTitle>
            <com:AnnotationText xml:lang="en">14010</com:AnnotationText>
          </com:Annotation>
          <com:Annotation>
            <com:AnnotationTitle>Default</com:AnnotationTitle>
            <com:AnnotationText xml:lang="en">Y</com:AnnotationText>
          </com:Annotation>
          <com:Annotation>
            <com:AnnotationTitle>Level</com:AnnotationTitle>
            <com:AnnotationText xml:lang="en">1</com:AnnotationText>
          </com:Annotation>
        </str:Annotations>
      </str:Code>
      <str:Code urn="urn:sdmx:org.sdmx.infomodel.codelist.Code=ILO:CL_ECO(1.0).ECO_AGGREGATE_MANEL" value="ECO_AGGREGATE_MANEL">
        <str:Description xml:lang="en">Manufacturing; Electricity, gas and water supply</str:Description>
        <str:Description xml:lang="es">Manufacturas; Suministro de electricidad, gas y agua</str:Description>
        <str:Description xml:lang="fr">Manufacture; Production et distribution d'électricité, de gaz et d'eau</str:Description>
        <str:Annotations>
          <com:Annotation>
            <com:AnnotationTitle>Sort</com:AnnotationTitle>
            <com:AnnotationText xml:lang="en">13960</com:AnnotationText>
          </com:Annotation>
          <com:Annotation>
            <com:AnnotationTitle>Default</com:AnnotationTitle>
            <com:AnnotationText xml:lang="en">N</com:AnnotationText>
          </com:Annotation>
          <com:Annotation>
            <com:AnnotationTitle>Level</com:AnnotationTitle>
            <com:AnnotationText xml:lang="en">1</com:AnnotationText>
          </com:Annotation>
        </str:Annotations>
      </str:Code>
      <str:Code urn="urn:sdmx:org.sdmx.infomodel.codelist.Code=ILO:CL_ECO(1.0).ECO_AGGREGATE_MEL" value="ECO_AGGREGATE_MEL">
        <str:Description xml:lang="en">Mining and quarrying; Electricity, gas and water supply</str:Description>
        <str:Description xml:lang="es">Explotación de minas y canteras; Suministro de electricidad, gas y agua</str:Description>
        <str:Description xml:lang="fr">Activités extractives; Production et distribution d'électricité, de gaz et d'eau</str:Description>
        <str:Annotations>
          <com:Annotation>
            <com:AnnotationTitle>Sort</com:AnnotationTitle>
            <com:AnnotationText xml:lang="en">13980</com:AnnotationText>
          </com:Annotation>
          <com:Annotation>
            <com:AnnotationTitle>Default</com:AnnotationTitle>
            <com:AnnotationText xml:lang="en">Y</com:AnnotationText>
          </com:Annotation>
          <com:Annotation>
            <com:AnnotationTitle>Level</com:AnnotationTitle>
            <com:AnnotationText xml:lang="en">1</com:AnnotationText>
          </com:Annotation>
        </str:Annotations>
      </str:Code>
      <str:Code urn="urn:sdmx:org.sdmx.infomodel.codelist.Code=ILO:CL_ECO(1.0).ECO_AGGREGATE_MKT" value="ECO_AGGREGATE_MKT">
        <str:Description xml:lang="en">Trade, Transportation, Accommodation and Food, and Business and Administrative Services</str:Description>
        <str:Description xml:lang="es">Comercio, Transporte, Hoteles y Restaurantes, y actividades empresariales</str:Description>
        <str:Description xml:lang="fr">Commerce, Transports, Hôtels et restaurants et activités de services aux enterprises</str:Description>
        <str:Annotations>
          <com:Annotation>
            <com:AnnotationTitle>Sort</com:AnnotationTitle>
            <com:AnnotationText xml:lang="en">13990</com:AnnotationText>
          </com:Annotation>
          <com:Annotation>
            <com:AnnotationTitle>Default</com:AnnotationTitle>
            <com:AnnotationText xml:lang="en">Y</com:AnnotationText>
          </com:Annotation>
          <com:Annotation>
            <com:AnnotationTitle>Level</com:AnnotationTitle>
            <com:AnnotationText xml:lang="en">1</com:AnnotationText>
          </com:Annotation>
        </str:Annotations>
      </str:Code>
      <str:Code urn="urn:sdmx:org.sdmx.infomodel.codelist.Code=ILO:CL_ECO(1.0).ECO_AGGREGATE_AGR" value="ECO_AGGREGATE_AGR">
        <str:Description xml:lang="en">Agriculture</str:Description>
        <str:Description xml:lang="es">Agricultura</str:Description>
        <str:Description xml:lang="fr">Agriculture</str:Description>
        <str:Annotations>
          <com:Annotation>
            <com:AnnotationTitle>Sort</com:AnnotationTitle>
            <com:AnnotationText xml:lang="en">13930</com:AnnotationText>
          </com:Annotation>
          <com:Annotation>
            <com:AnnotationTitle>Default</com:AnnotationTitle>
            <com:AnnotationText xml:lang="en">Y</com:AnnotationText>
          </com:Annotation>
          <com:Annotation>
            <com:AnnotationTitle>Level</com:AnnotationTitle>
            <com:AnnotationText xml:lang="en">1</com:AnnotationText>
          </com:Annotation>
        </str:Annotations>
      </str:Code>
      <str:Code urn="urn:sdmx:org.sdmx.infomodel.codelist.Code=ILO:CL_ECO(1.0).ECO_AGGREGATE_CON" value="ECO_AGGREGATE_CON">
        <str:Description xml:lang="en">Construction</str:Description>
        <str:Description xml:lang="es">Construcción</str:Description>
        <str:Description xml:lang="fr">Construction</str:Description>
        <str:Annotations>
          <com:Annotation>
            <com:AnnotationTitle>Sort</com:AnnotationTitle>
            <com:AnnotationText xml:lang="en">13970</com:AnnotationText>
          </com:Annotation>
          <com:Annotation>
            <com:AnnotationTitle>Default</com:AnnotationTitle>
            <com:AnnotationText xml:lang="en">Y</com:AnnotationText>
          </com:Annotation>
          <com:Annotation>
            <com:AnnotationTitle>Level</com:AnnotationTitle>
            <com:AnnotationText xml:lang="en">1</com:AnnotationText>
          </com:Annotation>
        </str:Annotations>
      </str:Code>
      <str:Code urn="urn:sdmx:org.sdmx.infomodel.codelist.Code=ILO:CL_ECO(1.0).ECO_AGGREGATE_TOTAL" value="ECO_AGGREGATE_TOTAL">
        <str:Description xml:lang="en">Total</str:Description>
        <str:Description xml:lang="es">Total</str:Description>
        <str:Description xml:lang="fr">Total</str:Description>
        <str:Annotations>
          <com:Annotation>
            <com:AnnotationTitle>Sort</com:AnnotationTitle>
            <com:AnnotationText xml:lang="en">13920</com:AnnotationText>
          </com:Annotation>
          <com:Annotation>
            <com:AnnotationTitle>Default</com:AnnotationTitle>
            <com:AnnotationText xml:lang="en">Y</com:AnnotationText>
          </com:Annotation>
          <com:Annotation>
            <com:AnnotationTitle>Level</com:AnnotationTitle>
            <com:AnnotationText xml:lang="en">1</com:AnnotationText>
          </com:Annotation>
        </str:Annotations>
      </str:Code>
      <str:Code urn="urn:sdmx:org.sdmx.infomodel.codelist.Code=ILO:CL_ECO(1.0).ECO_AGGREGATE_PUB" value="ECO_AGGREGATE_PUB">
        <str:Description xml:lang="en">Public Administration, Community, Social and other Services and Activities</str:Description>
        <str:Description xml:lang="es">Administración pública y servicios y actividades comunales y sociales</str:Description>
        <str:Description xml:lang="fr">Administration publique et activités de services collectifs, sociaux et personnels</str:Description>
        <str:Annotations>
          <com:Annotation>
            <com:AnnotationTitle>Sort</com:AnnotationTitle>
            <com:AnnotationText xml:lang="en">14000</com:AnnotationText>
          </com:Annotation>
          <com:Annotation>
            <com:AnnotationTitle>Default</com:AnnotationTitle>
            <com:AnnotationText xml:lang="en">Y</com:AnnotationText>
          </com:Annotation>
          <com:Annotation>
            <com:AnnotationTitle>Level</com:AnnotationTitle>
            <com:AnnotationText xml:lang="en">1</com:AnnotationText>
          </com:Annotation>
        </str:Annotations>
      </str:Code>
      <str:Code urn="urn:sdmx:org.sdmx.infomodel.codelist.Code=ILO:CL_ECO(1.0).ECO_SECTOR_AGR" value="ECO_SECTOR_AGR">
        <str:Description xml:lang="en">Agriculture</str:Description>
        <str:Description xml:lang="es">Agricultura</str:Description>
        <str:Description xml:lang="fr">Agriculture</str:Description>
        <str:Annotations>
          <com:Annotation>
            <com:AnnotationTitle>Sort</com:AnnotationTitle>
            <com:AnnotationText xml:lang="en">14110</com:AnnotationText>
          </com:Annotation>
          <com:Annotation>
            <com:AnnotationTitle>Default</com:AnnotationTitle>
            <com:AnnotationText xml:lang="en">Y</com:AnnotationText>
          </com:Annotation>
          <com:Annotation>
            <com:AnnotationTitle>Level</com:AnnotationTitle>
            <com:AnnotationText xml:lang="en">1</com:AnnotationText>
          </com:Annotation>
        </str:Annotations>
      </str:Code>
      <str:Code urn="urn:sdmx:org.sdmx.infomodel.codelist.Code=ILO:CL_ECO(1.0).ECO_SECTOR_TOTAL" value="ECO_SECTOR_TOTAL">
        <str:Description xml:lang="en">Total</str:Description>
        <str:Description xml:lang="es">Total</str:Description>
        <str:Description xml:lang="fr">Total</str:Description>
        <str:Annotations>
          <com:Annotation>
            <com:AnnotationTitle>Sort</com:AnnotationTitle>
            <com:AnnotationText xml:lang="en">14100</com:AnnotationText>
          </com:Annotation>
          <com:Annotation>
            <com:AnnotationTitle>Default</com:AnnotationTitle>
            <com:AnnotationText xml:lang="en">Y</com:AnnotationText>
          </com:Annotation>
          <com:Annotation>
            <com:AnnotationTitle>Level</com:AnnotationTitle>
            <com:AnnotationText xml:lang="en">1</com:AnnotationText>
          </com:Annotation>
        </str:Annotations>
      </str:Code>
      <str:Code urn="urn:sdmx:org.sdmx.infomodel.codelist.Code=ILO:CL_ECO(1.0).ECO_SECTOR_SER" value="ECO_SECTOR_SER">
        <str:Description xml:lang="en">Services</str:Description>
        <str:Description xml:lang="es">Servicios</str:Description>
        <str:Description xml:lang="fr">Services</str:Description>
        <str:Annotations>
          <com:Annotation>
            <com:AnnotationTitle>Sort</com:AnnotationTitle>
            <com:AnnotationText xml:lang="en">14140</com:AnnotationText>
          </com:Annotation>
          <com:Annotation>
            <com:AnnotationTitle>Default</com:AnnotationTitle>
            <com:AnnotationText xml:lang="en">Y</com:AnnotationText>
          </com:Annotation>
          <com:Annotation>
            <com:AnnotationTitle>Level</com:AnnotationTitle>
            <com:AnnotationText xml:lang="en">1</com:AnnotationText>
          </com:Annotation>
        </str:Annotations>
      </str:Code>
      <str:Code urn="urn:sdmx:org.sdmx.infomodel.codelist.Code=ILO:CL_ECO(1.0).ECO_SECTOR_X" value="ECO_SECTOR_X">
        <str:Description xml:lang="en">Not classified</str:Description>
        <str:Description xml:lang="es">No clasificados</str:Description>
        <str:Description xml:lang="fr">Non classé</str:Description>
        <str:Annotations>
          <com:Annotation>
            <com:AnnotationTitle>Sort</com:AnnotationTitle>
            <com:AnnotationText xml:lang="en">14150</com:AnnotationText>
          </com:Annotation>
          <com:Annotation>
            <com:AnnotationTitle>Default</com:AnnotationTitle>
            <com:AnnotationText xml:lang="en">Y</com:AnnotationText>
          </com:Annotation>
          <com:Annotation>
            <com:AnnotationTitle>Level</com:AnnotationTitle>
            <com:AnnotationText xml:lang="en">1</com:AnnotationText>
          </com:Annotation>
        </str:Annotations>
      </str:Code>
      <str:Code urn="urn:sdmx:org.sdmx.infomodel.codelist.Code=ILO:CL_ECO(1.0).ECO_SECTOR_IND" value="ECO_SECTOR_IND">
        <str:Description xml:lang="en">Industry</str:Description>
        <str:Description xml:lang="es">Industria</str:Description>
        <str:Description xml:lang="fr">Industrie</str:Description>
        <str:Annotations>
          <com:Annotation>
            <com:AnnotationTitle>Sort</com:AnnotationTitle>
            <com:AnnotationText xml:lang="en">14130</com:AnnotationText>
          </com:Annotation>
          <com:Annotation>
            <com:AnnotationTitle>Default</com:AnnotationTitle>
            <com:AnnotationText xml:lang="en">Y</com:AnnotationText>
          </com:Annotation>
          <com:Annotation>
            <com:AnnotationTitle>Level</com:AnnotationTitle>
            <com:AnnotationText xml:lang="en">1</com:AnnotationText>
          </com:Annotation>
        </str:Annotations>
      </str:Code>
      <str:Code urn="urn:sdmx:org.sdmx.infomodel.codelist.Code=ILO:CL_ECO(1.0).ECO_TOTNAG_TOTAL" value="ECO_TOTNAG_TOTAL">
        <str:Description xml:lang="en">Total</str:Description>
        <str:Description xml:lang="es">Total</str:Description>
        <str:Description xml:lang="fr">Total</str:Description>
        <str:Annotations>
          <com:Annotation>
            <com:AnnotationTitle>Sort</com:AnnotationTitle>
            <com:AnnotationText xml:lang="en">13890</com:AnnotationText>
          </com:Annotation>
          <com:Annotation>
            <com:AnnotationTitle>Default</com:AnnotationTitle>
            <com:AnnotationText xml:lang="en">Y</com:AnnotationText>
          </com:Annotation>
          <com:Annotation>
            <com:AnnotationTitle>Level</com:AnnotationTitle>
            <com:AnnotationText xml:lang="en">1</com:AnnotationText>
          </com:Annotation>
        </str:Annotations>
      </str:Code>
      <str:Code urn="urn:sdmx:org.sdmx.infomodel.codelist.Code=ILO:CL_ECO(1.0).ECO_TOTNAG_NAG" value="ECO_TOTNAG_NAG">
        <str:Description xml:lang="en">Non-agriculture</str:Description>
        <str:Description xml:lang="es">No agrícola</str:Description>
        <str:Description xml:lang="fr">Non agricole</str:Description>
        <str:Annotations>
          <com:Annotation>
            <com:AnnotationTitle>Sort</com:AnnotationTitle>
            <com:AnnotationText xml:lang="en">13910</com:AnnotationText>
          </com:Annotation>
          <com:Annotation>
            <com:AnnotationTitle>Default</com:AnnotationTitle>
            <com:AnnotationText xml:lang="en">Y</com:AnnotationText>
          </com:Annotation>
          <com:Annotation>
            <com:AnnotationTitle>Level</com:AnnotationTitle>
            <com:AnnotationText xml:lang="en">1</com:AnnotationText>
          </com:Annotation>
        </str:Annotations>
      </str:Code>
      <str:Code urn="urn:sdmx:org.sdmx.infomodel.codelist.Code=ILO:CL_ECO(1.0).ECO_AGNAG_AGR" value="ECO_AGNAG_AGR">
        <str:Description xml:lang="en">Agriculture</str:Description>
        <str:Description xml:lang="es">Agricultura</str:Description>
        <str:Description xml:lang="fr">Agriculture</str:Description>
        <str:Annotations>
          <com:Annotation>
            <com:AnnotationTitle>Sort</com:AnnotationTitle>
            <com:AnnotationText xml:lang="en">13900</com:AnnotationText>
          </com:Annotation>
          <com:Annotation>
            <com:AnnotationTitle>Default</com:AnnotationTitle>
            <com:AnnotationText xml:lang="en">Y</com:AnnotationText>
          </com:Annotation>
          <com:Annotation>
            <com:AnnotationTitle>Level</com:AnnotationTitle>
            <com:AnnotationText xml:lang="en">1</com:AnnotationText>
          </com:Annotation>
        </str:Annotations>
      </str:Code>
      <str:Code urn="urn:sdmx:org.sdmx.infomodel.codelist.Code=ILO:CL_ECO(1.0).ECO_AGNAG_TOTAL" value="ECO_AGNAG_TOTAL">
        <str:Description xml:lang="en">Total</str:Description>
        <str:Description xml:lang="es">Total</str:Description>
        <str:Description xml:lang="fr">Total</str:Description>
        <str:Annotations>
          <com:Annotation>
            <com:AnnotationTitle>Sort</com:AnnotationTitle>
            <com:AnnotationText xml:lang="en">13890</com:AnnotationText>
          </com:Annotation>
          <com:Annotation>
            <com:AnnotationTitle>Default</com:AnnotationTitle>
            <com:AnnotationText xml:lang="en">Y</com:AnnotationText>
          </com:Annotation>
          <com:Annotation>
            <com:AnnotationTitle>Level</com:AnnotationTitle>
            <com:AnnotationText xml:lang="en">1</com:AnnotationText>
          </com:Annotation>
        </str:Annotations>
      </str:Code>
      <str:Code urn="urn:sdmx:org.sdmx.infomodel.codelist.Code=ILO:CL_ECO(1.0).ECO_AGNAG_NAG" value="ECO_AGNAG_NAG">
        <str:Description xml:lang="en">Non-agriculture</str:Description>
        <str:Description xml:lang="es">No agrícola</str:Description>
        <str:Description xml:lang="fr">Non agricole</str:Description>
        <str:Annotations>
          <com:Annotation>
            <com:AnnotationTitle>Sort</com:AnnotationTitle>
            <com:AnnotationText xml:lang="en">13910</com:AnnotationText>
          </com:Annotation>
          <com:Annotation>
            <com:AnnotationTitle>Default</com:AnnotationTitle>
            <com:AnnotationText xml:lang="en">Y</com:AnnotationText>
          </com:Annotation>
          <com:Annotation>
            <com:AnnotationTitle>Level</com:AnnotationTitle>
            <com:AnnotationText xml:lang="en">1</com:AnnotationText>
          </com:Annotation>
        </str:Annotations>
      </str:Code>
      <str:Code urn="urn:sdmx:org.sdmx.infomodel.codelist.Code=ILO:CL_ECO(1.0)._Z" value="_Z">
        <str:Description xml:lang="en">Not Applicable</str:Description>
        <str:Description xml:lang="es">No aplicable en el caso</str:Description>
        <str:Description xml:lang="fr">Non Applicable</str:Description>
        <str:Annotations>
          <com:Annotation>
            <com:AnnotationTitle>Sort</com:AnnotationTitle>
            <com:AnnotationText xml:lang="en">999999</com:AnnotationText>
          </com:Annotation>
          <com:Annotation>
            <com:AnnotationTitle>Default</com:AnnotationTitle>
            <com:AnnotationText xml:lang="en">Y</com:AnnotationText>
          </com:Annotation>
          <com:Annotation>
            <com:AnnotationTitle>Level</com:AnnotationTitle>
            <com:AnnotationText xml:lang="en">1</com:AnnotationText>
          </com:Annotation>
        </str:Annotations>
      </str:Code>
    </str:CodeList>
  </mes:CodeLists>
</mes:Structure>